"../../../Engine/Content/EditorResources/S_Actor.ubulk" 0
"../../../Engine/Content/EditorResources/S_Actor.uasset" 1
"../../../Engine/Content/EditorResources/S_Actor.uexp" 2
"../../../Engine/Content/EditorResources/S_BoxReflectionCapture.uasset" 3
"../../../Engine/Content/EditorResources/S_BoxReflectionCapture.uexp" 4
"../../../Engine/Content/EngineResources/DefaultTexture.ubulk" 5
"../../../Engine/Content/EngineResources/DefaultTexture.uasset" 6
"../../../Engine/Content/EngineResources/DefaultTexture.uexp" 7
"../../../Engine/Content/EngineResources/DefaultTextureCube.uasset" 8
"../../../Engine/Content/EngineResources/DefaultTextureCube.uexp" 9
"../../../Engine/Content/EngineResources/DefaultVolumeTexture2D.uasset" 10
"../../../Engine/Content/EngineResources/DefaultVolumeTexture2D.uexp" 11
"../../../Engine/Content/EngineResources/DefaultVolumeTexture.uasset" 12
"../../../Engine/Content/EngineResources/DefaultVolumeTexture.uexp" 13
"../../../Engine/Content/EditorResources/S_Trigger.ubulk" 14
"../../../Engine/Content/EditorResources/S_Trigger.uasset" 15
"../../../Engine/Content/EditorResources/S_Trigger.uexp" 16
"../../../Engine/Content/EditorResources/S_TriggerBox.uasset" 17
"../../../Engine/Content/EditorResources/S_TriggerBox.uexp" 18
"../../../Engine/Content/EditorResources/S_TriggerCapsule.uasset" 19
"../../../Engine/Content/EditorResources/S_TriggerCapsule.uexp" 20
"../../../Engine/Content/EditorResources/S_TriggerSphere.uasset" 21
"../../../Engine/Content/EditorResources/S_TriggerSphere.uexp" 22
"../../../Engine/Content/EngineMeshes/Sphere.ubulk" 23
"../../../Engine/Content/EngineMeshes/Sphere.uasset" 24
"../../../Engine/Content/EngineMeshes/Sphere.uexp" 25
"../../../Engine/Content/EngineResources/GradientTexture0.uasset" 26
"../../../Engine/Content/EngineResources/GradientTexture0.uexp" 27
"../../../Engine/Content/VREditor/LaserPointer/VR_LaserPower_01.ubulk" 28
"../../../Engine/Content/VREditor/LaserPointer/VR_LaserPower_01.uasset" 29
"../../../Engine/Content/VREditor/LaserPointer/VR_LaserPower_01.uexp" 30
"../../../Engine/Content/VREditor/TransformGizmo/TransformGizmoMaterial.uasset" 31
"../../../Engine/Content/VREditor/TransformGizmo/TransformGizmoMaterial.uexp" 32
"../../../Engine/Content/VREditor/TransformGizmo/TranslucentTransformGizmoMaterial.uasset" 33
"../../../Engine/Content/VREditor/TransformGizmo/TranslucentTransformGizmoMaterial.uexp" 34
"../../../Engine/Content/VREditor/TransformGizmo/BoundingBoxCorner.ubulk" 35
"../../../Engine/Content/VREditor/TransformGizmo/BoundingBoxCorner.uasset" 36
"../../../Engine/Content/VREditor/TransformGizmo/BoundingBoxCorner.uexp" 37
"../../../Engine/Content/VREditor/TransformGizmo/BoundingBoxEdge.ubulk" 38
"../../../Engine/Content/VREditor/TransformGizmo/BoundingBoxEdge.uasset" 39
"../../../Engine/Content/VREditor/TransformGizmo/BoundingBoxEdge.uexp" 40
"../../../Engine/Content/VREditor/TransformGizmo/Main.uasset" 41
"../../../Engine/Content/VREditor/TransformGizmo/Main.uexp" 42
"../../../Engine/Content/VREditor/TransformGizmo/Xray.uasset" 43
"../../../Engine/Content/VREditor/TransformGizmo/Xray.uexp" 44
"../../../Engine/Content/VREditor/TransformGizmo/SM_Sequencer_Node.ubulk" 45
"../../../Engine/Content/VREditor/TransformGizmo/SM_Sequencer_Node.uasset" 46
"../../../Engine/Content/VREditor/TransformGizmo/SM_Sequencer_Node.uexp" 47
"../../../Engine/Content/EditorResources/S_Solver.ubulk" 48
"../../../Engine/Content/EditorResources/S_Solver.uasset" 49
"../../../Engine/Content/EditorResources/S_Solver.uexp" 50
"../../../Engine/Content/EditorMaterials/Camera/CineMat.uasset" 51
"../../../Engine/Content/EditorMaterials/Camera/CineMat.uexp" 52
"../../../Engine/Content/EditorMaterials/Camera/MI_CineMat_Rig.uasset" 53
"../../../Engine/Content/EditorMaterials/Camera/MI_CineMat_Rig.uexp" 54
"../../../Engine/Content/EditorMeshes/Camera/SM_CraneRig_Base.ubulk" 55
"../../../Engine/Content/EditorMeshes/Camera/SM_CraneRig_Base.uasset" 56
"../../../Engine/Content/EditorMeshes/Camera/SM_CraneRig_Base.uexp" 57
"../../../Engine/Content/EditorMeshes/Camera/SM_CraneRig_Arm.ubulk" 58
"../../../Engine/Content/EditorMeshes/Camera/SM_CraneRig_Arm.uasset" 59
"../../../Engine/Content/EditorMeshes/Camera/SM_CraneRig_Arm.uexp" 60
"../../../Engine/Content/EditorMeshes/Camera/SM_CraneRig_Mount.ubulk" 61
"../../../Engine/Content/EditorMeshes/Camera/SM_CraneRig_Mount.uasset" 62
"../../../Engine/Content/EditorMeshes/Camera/SM_CraneRig_Mount.uexp" 63
"../../../Engine/Content/EditorMeshes/Camera/SM_CraneRig_Body.ubulk" 64
"../../../Engine/Content/EditorMeshes/Camera/SM_CraneRig_Body.uasset" 65
"../../../Engine/Content/EditorMeshes/Camera/SM_CraneRig_Body.uexp" 66
"../../../Engine/Content/EditorMeshes/Camera/SM_RailRig_Track.ubulk" 67
"../../../Engine/Content/EditorMeshes/Camera/SM_RailRig_Track.uasset" 68
"../../../Engine/Content/EditorMeshes/Camera/SM_RailRig_Track.uexp" 69
"../../../Engine/Content/EditorMeshes/Camera/SM_RailRig_Mount.ubulk" 70
"../../../Engine/Content/EditorMeshes/Camera/SM_RailRig_Mount.uasset" 71
"../../../Engine/Content/EditorMeshes/Camera/SM_RailRig_Mount.uexp" 72
"../../../Engine/Content/EngineMaterials/T_Default_Material_Grid_M.ubulk" 73
"../../../Engine/Content/EngineMaterials/T_Default_Material_Grid_M.uasset" 74
"../../../Engine/Content/EngineMaterials/T_Default_Material_Grid_M.uexp" 75
"../../../Engine/Content/EngineMaterials/T_Default_Material_Grid_N.ubulk" 76
"../../../Engine/Content/EngineMaterials/T_Default_Material_Grid_N.uasset" 77
"../../../Engine/Content/EngineMaterials/T_Default_Material_Grid_N.uexp" 78
"../../../Engine/Content/Functions/Engine_MaterialFunctions01/Opacity/CameraDepthFade.uasset" 79
"../../../Engine/Content/Functions/Engine_MaterialFunctions01/Opacity/CameraDepthFade.uexp" 80
"../../../Engine/Content/EngineMaterials/WorldGridMaterial.uasset" 81
"../../../Engine/Content/EngineMaterials/WorldGridMaterial.uexp" 82
"../../../Engine/Content/ArtTools/RenderToTexture/Meshes/S_1_Unit_Plane.ubulk" 83
"../../../Engine/Content/ArtTools/RenderToTexture/Meshes/S_1_Unit_Plane.uasset" 84
"../../../Engine/Content/ArtTools/RenderToTexture/Meshes/S_1_Unit_Plane.uexp" 85
"../../../Engine/Content/EditorMaterials/ParticleSystems/PSysThumbnail_NoImage.ubulk" 86
"../../../Engine/Content/EditorMaterials/ParticleSystems/PSysThumbnail_NoImage.uasset" 87
"../../../Engine/Content/EditorMaterials/ParticleSystems/PSysThumbnail_NoImage.uexp" 88
"../../../Engine/Content/EditorMaterials/ParticleSystems/PSysThumbnail_OOD.ubulk" 89
"../../../Engine/Content/EditorMaterials/ParticleSystems/PSysThumbnail_OOD.uasset" 90
"../../../Engine/Content/EditorMaterials/ParticleSystems/PSysThumbnail_OOD.uexp" 91
"../../../Engine/Content/EditorLandscapeResources/SplineEditorMeshMat.uasset" 92
"../../../Engine/Content/EditorLandscapeResources/SplineEditorMeshMat.uexp" 93
"../../../Engine/Content/EditorLandscapeResources/SplineEditorMesh.ubulk" 94
"../../../Engine/Content/EditorLandscapeResources/SplineEditorMesh.uasset" 95
"../../../Engine/Content/EditorLandscapeResources/SplineEditorMesh.uexp" 96
"../../../Engine/Content/EngineMaterials/DefaultMaterial.uasset" 97
"../../../Engine/Content/EngineMaterials/DefaultMaterial.uexp" 98
"../../../Engine/Content/EngineMeshes/MaterialSphere.ubulk" 99
"../../../Engine/Content/EngineMeshes/MaterialSphere.uasset" 100
"../../../Engine/Content/EngineMeshes/MaterialSphere.uexp" 101
"../../../Engine/Plugins/Media/MediaPlate/Content/SM_MediaPlateScreen.ubulk" 102
"../../../Engine/Plugins/Media/MediaPlate/Content/SM_MediaPlateScreen.uasset" 103
"../../../Engine/Plugins/Media/MediaPlate/Content/SM_MediaPlateScreen.uexp" 104
"../../../Engine/Plugins/Marketplace/MetaXR/Content/Textures/TouchForQuestRiftSController_albedo.ubulk" 105
"../../../Engine/Plugins/Marketplace/MetaXR/Content/Textures/TouchForQuestRiftSController_albedo.uasset" 106
"../../../Engine/Plugins/Marketplace/MetaXR/Content/Textures/TouchForQuestRiftSController_albedo.uexp" 107
"../../../Engine/Plugins/Marketplace/MetaXR/Content/Materials/TouchForQuestRiftSControllerMaterial.uasset" 108
"../../../Engine/Plugins/Marketplace/MetaXR/Content/Materials/TouchForQuestRiftSControllerMaterial.uexp" 109
"../../../Engine/Plugins/Marketplace/MetaXR/Content/Meshes/LeftTouchForQuestRiftSController.ubulk" 110
"../../../Engine/Plugins/Marketplace/MetaXR/Content/Meshes/LeftTouchForQuestRiftSController.uasset" 111
"../../../Engine/Plugins/Marketplace/MetaXR/Content/Meshes/LeftTouchForQuestRiftSController.uexp" 112
"../../../Engine/Plugins/Marketplace/MetaXR/Content/Meshes/RightTouchForQuestRiftSController.ubulk" 113
"../../../Engine/Plugins/Marketplace/MetaXR/Content/Meshes/RightTouchForQuestRiftSController.uasset" 114
"../../../Engine/Plugins/Marketplace/MetaXR/Content/Meshes/RightTouchForQuestRiftSController.uexp" 115
"../../../Engine/Plugins/Marketplace/MetaXR/Content/Textures/TouchForQuest2_Color.ubulk" 116
"../../../Engine/Plugins/Marketplace/MetaXR/Content/Textures/TouchForQuest2_Color.uasset" 117
"../../../Engine/Plugins/Marketplace/MetaXR/Content/Textures/TouchForQuest2_Color.uexp" 118
"../../../Engine/Plugins/Marketplace/MetaXR/Content/Textures/TouchForQuest2Material_Roughness.ubulk" 119
"../../../Engine/Plugins/Marketplace/MetaXR/Content/Textures/TouchForQuest2Material_Roughness.uasset" 120
"../../../Engine/Plugins/Marketplace/MetaXR/Content/Textures/TouchForQuest2Material_Roughness.uexp" 121
"../../../Engine/Plugins/Marketplace/MetaXR/Content/Materials/TouchForQuest2Material.uasset" 122
"../../../Engine/Plugins/Marketplace/MetaXR/Content/Materials/TouchForQuest2Material.uexp" 123
"../../../Engine/Plugins/Marketplace/MetaXR/Content/Meshes/LeftTouchForQuest2.ubulk" 124
"../../../Engine/Plugins/Marketplace/MetaXR/Content/Meshes/LeftTouchForQuest2.uasset" 125
"../../../Engine/Plugins/Marketplace/MetaXR/Content/Meshes/LeftTouchForQuest2.uexp" 126
"../../../Engine/Plugins/Marketplace/MetaXR/Content/Meshes/RightTouchForQuest2.ubulk" 127
"../../../Engine/Plugins/Marketplace/MetaXR/Content/Meshes/RightTouchForQuest2.uasset" 128
"../../../Engine/Plugins/Marketplace/MetaXR/Content/Meshes/RightTouchForQuest2.uexp" 129
"../../../Engine/Plugins/Marketplace/MetaXR/Content/Textures/LeftMetaQuestTouchPro_Normal.ubulk" 130
"../../../Engine/Plugins/Marketplace/MetaXR/Content/Textures/LeftMetaQuestTouchPro_Normal.uasset" 131
"../../../Engine/Plugins/Marketplace/MetaXR/Content/Textures/LeftMetaQuestTouchPro_Normal.uexp" 132
"../../../Engine/Plugins/Marketplace/MetaXR/Content/Textures/LeftMetaQuestTouchPro_Color.ubulk" 133
"../../../Engine/Plugins/Marketplace/MetaXR/Content/Textures/LeftMetaQuestTouchPro_Color.uasset" 134
"../../../Engine/Plugins/Marketplace/MetaXR/Content/Textures/LeftMetaQuestTouchPro_Color.uexp" 135
"../../../Engine/Plugins/Marketplace/MetaXR/Content/Materials/LeftMetaQuestTouchProMaterial.uasset" 136
"../../../Engine/Plugins/Marketplace/MetaXR/Content/Materials/LeftMetaQuestTouchProMaterial.uexp" 137
"../../../Engine/Plugins/Marketplace/MetaXR/Content/Meshes/LeftMetaQuestTouchPro.ubulk" 138
"../../../Engine/Plugins/Marketplace/MetaXR/Content/Meshes/LeftMetaQuestTouchPro.uasset" 139
"../../../Engine/Plugins/Marketplace/MetaXR/Content/Meshes/LeftMetaQuestTouchPro.uexp" 140
"../../../Engine/Plugins/Marketplace/MetaXR/Content/Textures/RightMetaQuestTouchPro_Normal.ubulk" 141
"../../../Engine/Plugins/Marketplace/MetaXR/Content/Textures/RightMetaQuestTouchPro_Normal.uasset" 142
"../../../Engine/Plugins/Marketplace/MetaXR/Content/Textures/RightMetaQuestTouchPro_Normal.uexp" 143
"../../../Engine/Plugins/Marketplace/MetaXR/Content/Textures/RightMetaQuestTouchPro_Color.ubulk" 144
"../../../Engine/Plugins/Marketplace/MetaXR/Content/Textures/RightMetaQuestTouchPro_Color.uasset" 145
"../../../Engine/Plugins/Marketplace/MetaXR/Content/Textures/RightMetaQuestTouchPro_Color.uexp" 146
"../../../Engine/Plugins/Marketplace/MetaXR/Content/Materials/RightMetaQuestTouchProMaterial.uasset" 147
"../../../Engine/Plugins/Marketplace/MetaXR/Content/Materials/RightMetaQuestTouchProMaterial.uexp" 148
"../../../Engine/Plugins/Marketplace/MetaXR/Content/Meshes/RightMetaQuestTouchPro.ubulk" 149
"../../../Engine/Plugins/Marketplace/MetaXR/Content/Meshes/RightMetaQuestTouchPro.uasset" 150
"../../../Engine/Plugins/Marketplace/MetaXR/Content/Meshes/RightMetaQuestTouchPro.uexp" 151
"../../../Engine/Plugins/Marketplace/MetaXR/Content/Textures/LeftMetaQuestTouchPlus_Color.ubulk" 152
"../../../Engine/Plugins/Marketplace/MetaXR/Content/Textures/LeftMetaQuestTouchPlus_Color.uasset" 153
"../../../Engine/Plugins/Marketplace/MetaXR/Content/Textures/LeftMetaQuestTouchPlus_Color.uexp" 154
"../../../Engine/Plugins/Marketplace/MetaXR/Content/Materials/LeftMetaQuestTouchPlusMaterial.uasset" 155
"../../../Engine/Plugins/Marketplace/MetaXR/Content/Materials/LeftMetaQuestTouchPlusMaterial.uexp" 156
"../../../Engine/Plugins/Marketplace/MetaXR/Content/Meshes/LeftMetaQuestTouchPlus.ubulk" 157
"../../../Engine/Plugins/Marketplace/MetaXR/Content/Meshes/LeftMetaQuestTouchPlus.uasset" 158
"../../../Engine/Plugins/Marketplace/MetaXR/Content/Meshes/LeftMetaQuestTouchPlus.uexp" 159
"../../../Engine/Plugins/Marketplace/MetaXR/Content/Textures/RightMetaQuestTouchPlus_Color.ubulk" 160
"../../../Engine/Plugins/Marketplace/MetaXR/Content/Textures/RightMetaQuestTouchPlus_Color.uasset" 161
"../../../Engine/Plugins/Marketplace/MetaXR/Content/Textures/RightMetaQuestTouchPlus_Color.uexp" 162
"../../../Engine/Plugins/Marketplace/MetaXR/Content/Materials/RightMetaQuestTouchPlusMaterial.uasset" 163
"../../../Engine/Plugins/Marketplace/MetaXR/Content/Materials/RightMetaQuestTouchPlusMaterial.uexp" 164
"../../../Engine/Plugins/Marketplace/MetaXR/Content/Meshes/RightMetaQuestTouchPlus.ubulk" 165
"../../../Engine/Plugins/Marketplace/MetaXR/Content/Meshes/RightMetaQuestTouchPlus.uasset" 166
"../../../Engine/Plugins/Marketplace/MetaXR/Content/Meshes/RightMetaQuestTouchPlus.uexp" 167
"../../../Engine/Content/EngineMaterials/BaseFlattenNormalMap.uasset" 168
"../../../Engine/Content/EngineMaterials/BaseFlattenNormalMap.uexp" 169
"../../../Engine/Content/EngineResources/Black.uasset" 170
"../../../Engine/Content/EngineResources/Black.uexp" 171
"../../../Engine/Plugins/Runtime/OpenXR/Content/Devices/M_XRController.uasset" 172
"../../../Engine/Plugins/Runtime/OpenXR/Content/Devices/M_XRController.uexp" 173
"../../../Engine/Plugins/Runtime/OpenXR/Content/Devices/HTCVive/BaseTexture.ubulk" 174
"../../../Engine/Plugins/Runtime/OpenXR/Content/Devices/HTCVive/BaseTexture.uasset" 175
"../../../Engine/Plugins/Runtime/OpenXR/Content/Devices/HTCVive/BaseTexture.uexp" 176
"../../../Engine/Plugins/Runtime/OpenXR/Content/Devices/HTCVive/MI_HTCVive.uasset" 177
"../../../Engine/Plugins/Runtime/OpenXR/Content/Devices/HTCVive/MI_HTCVive.uexp" 178
"../../../Engine/Plugins/Runtime/OpenXR/Content/Devices/HTCVive/HTCViveController.ubulk" 179
"../../../Engine/Plugins/Runtime/OpenXR/Content/Devices/HTCVive/HTCViveController.uasset" 180
"../../../Engine/Plugins/Runtime/OpenXR/Content/Devices/HTCVive/HTCViveController.uexp" 181
"../../../Engine/Plugins/Runtime/OpenXR/Content/Devices/MicrosoftMixedReality/NormalTexture.ubulk" 182
"../../../Engine/Plugins/Runtime/OpenXR/Content/Devices/MicrosoftMixedReality/NormalTexture.uasset" 183
"../../../Engine/Plugins/Runtime/OpenXR/Content/Devices/MicrosoftMixedReality/NormalTexture.uexp" 184
"../../../Engine/Plugins/Runtime/OpenXR/Content/Devices/MicrosoftMixedReality/EmissiveTexture.ubulk" 185
"../../../Engine/Plugins/Runtime/OpenXR/Content/Devices/MicrosoftMixedReality/EmissiveTexture.uasset" 186
"../../../Engine/Plugins/Runtime/OpenXR/Content/Devices/MicrosoftMixedReality/EmissiveTexture.uexp" 187
"../../../Engine/Plugins/Runtime/OpenXR/Content/Devices/MicrosoftMixedReality/BaseTexture.ubulk" 188
"../../../Engine/Plugins/Runtime/OpenXR/Content/Devices/MicrosoftMixedReality/BaseTexture.uasset" 189
"../../../Engine/Plugins/Runtime/OpenXR/Content/Devices/MicrosoftMixedReality/BaseTexture.uexp" 190
"../../../Engine/Plugins/Runtime/OpenXR/Content/Devices/MicrosoftMixedReality/MRTexture.ubulk" 191
"../../../Engine/Plugins/Runtime/OpenXR/Content/Devices/MicrosoftMixedReality/MRTexture.uasset" 192
"../../../Engine/Plugins/Runtime/OpenXR/Content/Devices/MicrosoftMixedReality/MRTexture.uexp" 193
"../../../Engine/Plugins/Runtime/OpenXR/Content/Devices/MicrosoftMixedReality/MI_MicrosoftMixedReality.uasset" 194
"../../../Engine/Plugins/Runtime/OpenXR/Content/Devices/MicrosoftMixedReality/MI_MicrosoftMixedReality.uexp" 195
"../../../Engine/Plugins/Runtime/OpenXR/Content/Devices/MicrosoftMixedReality/Left/left_MicrosoftMixedRealityController.ubulk" 196
"../../../Engine/Plugins/Runtime/OpenXR/Content/Devices/MicrosoftMixedReality/Left/left_MicrosoftMixedRealityController.uasset" 197
"../../../Engine/Plugins/Runtime/OpenXR/Content/Devices/MicrosoftMixedReality/Left/left_MicrosoftMixedRealityController.uexp" 198
"../../../Engine/Plugins/Runtime/OpenXR/Content/Devices/MicrosoftMixedReality/Right/right_MicrosoftMixedRealityController.ubulk" 199
"../../../Engine/Plugins/Runtime/OpenXR/Content/Devices/MicrosoftMixedReality/Right/right_MicrosoftMixedRealityController.uasset" 200
"../../../Engine/Plugins/Runtime/OpenXR/Content/Devices/MicrosoftMixedReality/Right/right_MicrosoftMixedRealityController.uexp" 201
"../../../Engine/Plugins/Runtime/OpenXR/Content/Devices/OculusGo/BaseTexture.ubulk" 202
"../../../Engine/Plugins/Runtime/OpenXR/Content/Devices/OculusGo/BaseTexture.uasset" 203
"../../../Engine/Plugins/Runtime/OpenXR/Content/Devices/OculusGo/BaseTexture.uexp" 204
"../../../Engine/Plugins/Runtime/OpenXR/Content/Devices/OculusGo/MI_OculusGo.uasset" 205
"../../../Engine/Plugins/Runtime/OpenXR/Content/Devices/OculusGo/MI_OculusGo.uexp" 206
"../../../Engine/Plugins/Runtime/OpenXR/Content/Devices/OculusGo/OculusGoController.ubulk" 207
"../../../Engine/Plugins/Runtime/OpenXR/Content/Devices/OculusGo/OculusGoController.uasset" 208
"../../../Engine/Plugins/Runtime/OpenXR/Content/Devices/OculusGo/OculusGoController.uexp" 209
"../../../Engine/Plugins/Runtime/OpenXR/Content/Devices/OculusTouch/BaseTexture.ubulk" 210
"../../../Engine/Plugins/Runtime/OpenXR/Content/Devices/OculusTouch/BaseTexture.uasset" 211
"../../../Engine/Plugins/Runtime/OpenXR/Content/Devices/OculusTouch/BaseTexture.uexp" 212
"../../../Engine/Plugins/Runtime/OpenXR/Content/Devices/OculusTouch/MRTexture.ubulk" 213
"../../../Engine/Plugins/Runtime/OpenXR/Content/Devices/OculusTouch/MRTexture.uasset" 214
"../../../Engine/Plugins/Runtime/OpenXR/Content/Devices/OculusTouch/MRTexture.uexp" 215
"../../../Engine/Plugins/Runtime/OpenXR/Content/Devices/OculusTouch/MI_OculusTouch.uasset" 216
"../../../Engine/Plugins/Runtime/OpenXR/Content/Devices/OculusTouch/MI_OculusTouch.uexp" 217
"../../../Engine/Plugins/Runtime/OpenXR/Content/Devices/OculusTouch/Left/left_OculusTouchController.ubulk" 218
"../../../Engine/Plugins/Runtime/OpenXR/Content/Devices/OculusTouch/Left/left_OculusTouchController.uasset" 219
"../../../Engine/Plugins/Runtime/OpenXR/Content/Devices/OculusTouch/Left/left_OculusTouchController.uexp" 220
"../../../Engine/Plugins/Runtime/OpenXR/Content/Devices/OculusTouch/Right/right_OculusTouchController.ubulk" 221
"../../../Engine/Plugins/Runtime/OpenXR/Content/Devices/OculusTouch/Right/right_OculusTouchController.uasset" 222
"../../../Engine/Plugins/Runtime/OpenXR/Content/Devices/OculusTouch/Right/right_OculusTouchController.uexp" 223
"../../../Engine/Plugins/Runtime/OpenXR/Content/Devices/ValveIndex/MRTexture.ubulk" 224
"../../../Engine/Plugins/Runtime/OpenXR/Content/Devices/ValveIndex/MRTexture.uasset" 225
"../../../Engine/Plugins/Runtime/OpenXR/Content/Devices/ValveIndex/MRTexture.uexp" 226
"../../../Engine/Plugins/Runtime/OpenXR/Content/Devices/ValveIndex/BaseTexture.ubulk" 227
"../../../Engine/Plugins/Runtime/OpenXR/Content/Devices/ValveIndex/BaseTexture.uasset" 228
"../../../Engine/Plugins/Runtime/OpenXR/Content/Devices/ValveIndex/BaseTexture.uexp" 229
"../../../Engine/Plugins/Runtime/OpenXR/Content/Devices/ValveIndex/Left/MI_left_ValveIndex.uasset" 230
"../../../Engine/Plugins/Runtime/OpenXR/Content/Devices/ValveIndex/Left/MI_left_ValveIndex.uexp" 231
"../../../Engine/Plugins/Runtime/OpenXR/Content/Devices/ValveIndex/Left/left_ValveIndexController.ubulk" 232
"../../../Engine/Plugins/Runtime/OpenXR/Content/Devices/ValveIndex/Left/left_ValveIndexController.uasset" 233
"../../../Engine/Plugins/Runtime/OpenXR/Content/Devices/ValveIndex/Left/left_ValveIndexController.uexp" 234
"../../../Engine/Plugins/Runtime/OpenXR/Content/Devices/ValveIndex/Right/MI_right_ValveIndex.uasset" 235
"../../../Engine/Plugins/Runtime/OpenXR/Content/Devices/ValveIndex/Right/MI_right_ValveIndex.uexp" 236
"../../../Engine/Plugins/Runtime/OpenXR/Content/Devices/ValveIndex/Right/right_ValveIndexController.ubulk" 237
"../../../Engine/Plugins/Runtime/OpenXR/Content/Devices/ValveIndex/Right/right_ValveIndexController.uasset" 238
"../../../Engine/Plugins/Runtime/OpenXR/Content/Devices/ValveIndex/Right/right_ValveIndexController.uexp" 239
"../../../Engine/Plugins/Runtime/OpenXR/Content/Devices/OculusTouch_v2/BaseTexture.ubulk" 240
"../../../Engine/Plugins/Runtime/OpenXR/Content/Devices/OculusTouch_v2/BaseTexture.uasset" 241
"../../../Engine/Plugins/Runtime/OpenXR/Content/Devices/OculusTouch_v2/BaseTexture.uexp" 242
"../../../Engine/Plugins/Runtime/OpenXR/Content/Devices/OculusTouch_v2/MRTexture.ubulk" 243
"../../../Engine/Plugins/Runtime/OpenXR/Content/Devices/OculusTouch_v2/MRTexture.uasset" 244
"../../../Engine/Plugins/Runtime/OpenXR/Content/Devices/OculusTouch_v2/MRTexture.uexp" 245
"../../../Engine/Plugins/Runtime/OpenXR/Content/Devices/OculusTouch_v2/MI_OculusTouch_v2.uasset" 246
"../../../Engine/Plugins/Runtime/OpenXR/Content/Devices/OculusTouch_v2/MI_OculusTouch_v2.uexp" 247
"../../../Engine/Plugins/Runtime/OpenXR/Content/Devices/OculusTouch_v2/Left/left_OculusTouch_v2Controller.ubulk" 248
"../../../Engine/Plugins/Runtime/OpenXR/Content/Devices/OculusTouch_v2/Left/left_OculusTouch_v2Controller.uasset" 249
"../../../Engine/Plugins/Runtime/OpenXR/Content/Devices/OculusTouch_v2/Left/left_OculusTouch_v2Controller.uexp" 250
"../../../Engine/Plugins/Runtime/OpenXR/Content/Devices/OculusTouch_v2/Right/right_OculusTouch_v2Controller.ubulk" 251
"../../../Engine/Plugins/Runtime/OpenXR/Content/Devices/OculusTouch_v2/Right/right_OculusTouch_v2Controller.uasset" 252
"../../../Engine/Plugins/Runtime/OpenXR/Content/Devices/OculusTouch_v2/Right/right_OculusTouch_v2Controller.uexp" 253
"../../../Engine/Plugins/Runtime/OpenXR/Content/Devices/OculusTouch_v3/MRTexture.ubulk" 254
"../../../Engine/Plugins/Runtime/OpenXR/Content/Devices/OculusTouch_v3/MRTexture.uasset" 255
"../../../Engine/Plugins/Runtime/OpenXR/Content/Devices/OculusTouch_v3/MRTexture.uexp" 256
"../../../Engine/Plugins/Runtime/OpenXR/Content/Devices/OculusTouch_v3/BaseTexture.ubulk" 257
"../../../Engine/Plugins/Runtime/OpenXR/Content/Devices/OculusTouch_v3/BaseTexture.uasset" 258
"../../../Engine/Plugins/Runtime/OpenXR/Content/Devices/OculusTouch_v3/BaseTexture.uexp" 259
"../../../Engine/Plugins/Runtime/OpenXR/Content/Devices/OculusTouch_v3/MI_OculusTouch_v3.uasset" 260
"../../../Engine/Plugins/Runtime/OpenXR/Content/Devices/OculusTouch_v3/MI_OculusTouch_v3.uexp" 261
"../../../Engine/Plugins/Runtime/OpenXR/Content/Devices/OculusTouch_v3/Left/left_OculusTouch_v3Controller.ubulk" 262
"../../../Engine/Plugins/Runtime/OpenXR/Content/Devices/OculusTouch_v3/Left/left_OculusTouch_v3Controller.uasset" 263
"../../../Engine/Plugins/Runtime/OpenXR/Content/Devices/OculusTouch_v3/Left/left_OculusTouch_v3Controller.uexp" 264
"../../../Engine/Plugins/Runtime/OpenXR/Content/Devices/OculusTouch_v3/Right/right_OculusTouch_v3Controller.ubulk" 265
"../../../Engine/Plugins/Runtime/OpenXR/Content/Devices/OculusTouch_v3/Right/right_OculusTouch_v3Controller.uasset" 266
"../../../Engine/Plugins/Runtime/OpenXR/Content/Devices/OculusTouch_v3/Right/right_OculusTouch_v3Controller.uexp" 267
"../../../Engine/Content/EngineMaterials/DefaultBokeh.uasset" 268
"../../../Engine/Content/EngineMaterials/DefaultBokeh.uexp" 269
"../../../Engine/Content/EngineMaterials/MiniFont.uasset" 270
"../../../Engine/Content/EngineMaterials/MiniFont.uexp" 271
"../../../Engine/Content/EngineMaterials/WeightMapPlaceholderTexture.uasset" 272
"../../../Engine/Content/EngineMaterials/WeightMapPlaceholderTexture.uexp" 273
"../../../Engine/Content/EngineMaterials/WeightMapArrayPlaceholderTexture.uasset" 274
"../../../Engine/Content/EngineMaterials/WeightMapArrayPlaceholderTexture.uexp" 275
"../../../Engine/Content/EngineMaterials/DefaultWhiteGrid.ubulk" 276
"../../../Engine/Content/EngineMaterials/DefaultWhiteGrid.uasset" 277
"../../../Engine/Content/EngineMaterials/DefaultWhiteGrid.uexp" 278
"../../../Engine/Content/EngineMaterials/PreintegratedSkinBRDF.uasset" 279
"../../../Engine/Content/EngineMaterials/PreintegratedSkinBRDF.uexp" 280
"C:/UnrealProjects/VRTeamProject/Content/UMG/WBP_MyStartWidget.uasset" 281
"C:/UnrealProjects/VRTeamProject/Content/UMG/WBP_MyStartWidget.uexp" 282
"C:/UnrealProjects/VRTeamProject/Content/UMG/WBP_EndGameWidget.uasset" 283
"C:/UnrealProjects/VRTeamProject/Content/UMG/WBP_EndGameWidget.uexp" 284
"../../../Engine/Plugins/Animation/ACLPlugin/Content/ACLAnimBoneCompressionSettings.uasset" 285
"../../../Engine/Plugins/Animation/ACLPlugin/Content/ACLAnimBoneCompressionSettings.uexp" 286
"../../../Engine/Content/Animation/DefaultVariableFrameStrippingSettings.uasset" 287
"../../../Engine/Content/Animation/DefaultVariableFrameStrippingSettings.uexp" 288
"C:/UnrealProjects/VRTeamProject/Content/Asset/EnemyAsset/SK_Enemy.uasset" 289
"C:/UnrealProjects/VRTeamProject/Content/Asset/EnemyAsset/SK_Enemy.uexp" 290
"../../../Engine/Plugins/Animation/ACLPlugin/Content/ACLAnimCurveCompressionSettings.uasset" 291
"../../../Engine/Plugins/Animation/ACLPlugin/Content/ACLAnimCurveCompressionSettings.uexp" 292
"C:/UnrealProjects/VRTeamProject/Content/Asset/EnemyAsset/Animation/Standing_React_Death_Backward.uasset" 293
"C:/UnrealProjects/VRTeamProject/Content/Asset/EnemyAsset/Animation/Standing_React_Death_Backward.uexp" 294
"C:/UnrealProjects/VRTeamProject/Content/Asset/EnemyAsset/Animation/AM_Death.uasset" 295
"C:/UnrealProjects/VRTeamProject/Content/Asset/EnemyAsset/Animation/AM_Death.uexp" 296
"C:/UnrealProjects/VRTeamProject/Content/Asset/EnemyAsset/Animation/Zombie_Reaction_Hit.uasset" 297
"C:/UnrealProjects/VRTeamProject/Content/Asset/EnemyAsset/Animation/Zombie_Reaction_Hit.uexp" 298
"C:/UnrealProjects/VRTeamProject/Content/Asset/EnemyAsset/Animation/Zombie_Run.uasset" 299
"C:/UnrealProjects/VRTeamProject/Content/Asset/EnemyAsset/Animation/Zombie_Run.uexp" 300
"C:/UnrealProjects/VRTeamProject/Content/Asset/EnemyAsset/Animation/Zombie_Idle.uasset" 301
"C:/UnrealProjects/VRTeamProject/Content/Asset/EnemyAsset/Animation/Zombie_Idle.uexp" 302
"C:/UnrealProjects/VRTeamProject/Content/Asset/EnemyAsset/Animation/Zombie_Walk.uasset" 303
"C:/UnrealProjects/VRTeamProject/Content/Asset/EnemyAsset/Animation/Zombie_Walk.uexp" 304
"C:/UnrealProjects/VRTeamProject/Content/Asset/EnemyAsset/BS_IdleWalkRun_1D.uasset" 305
"C:/UnrealProjects/VRTeamProject/Content/Asset/EnemyAsset/BS_IdleWalkRun_1D.uexp" 306
"C:/UnrealProjects/VRTeamProject/Content/Asset/EnemyAsset/ABP_EnemyChar.uasset" 307
"C:/UnrealProjects/VRTeamProject/Content/Asset/EnemyAsset/ABP_EnemyChar.uexp" 308
"C:/UnrealProjects/VRTeamProject/Content/Asset/EnemyAsset/chr_Zombie_base_color.ubulk" 309
"C:/UnrealProjects/VRTeamProject/Content/Asset/EnemyAsset/chr_Zombie_base_color.uasset" 310
"C:/UnrealProjects/VRTeamProject/Content/Asset/EnemyAsset/chr_Zombie_base_color.uexp" 311
"C:/UnrealProjects/VRTeamProject/Content/Asset/EnemyAsset/Mat_Enemy.uasset" 312
"C:/UnrealProjects/VRTeamProject/Content/Asset/EnemyAsset/Mat_Enemy.uexp" 313
"C:/UnrealProjects/VRTeamProject/Content/Asset/EnemyAsset/PA_Enemy.uasset" 314
"C:/UnrealProjects/VRTeamProject/Content/Asset/EnemyAsset/PA_Enemy.uexp" 315
"C:/UnrealProjects/VRTeamProject/Content/Asset/EnemyAsset/SKM_Enemy.uasset" 316
"C:/UnrealProjects/VRTeamProject/Content/Asset/EnemyAsset/SKM_Enemy.uexp" 317
"C:/UnrealProjects/VRTeamProject/Content/Character/Enemy/BP_EnemyCharacter.uasset" 318
"C:/UnrealProjects/VRTeamProject/Content/Character/Enemy/BP_EnemyCharacter.uexp" 319
"C:/UnrealProjects/VRTeamProject/Content/Asset/Buildings/Building.ubulk" 320
"C:/UnrealProjects/VRTeamProject/Content/Asset/Buildings/Building.uasset" 321
"C:/UnrealProjects/VRTeamProject/Content/Asset/Buildings/Building.uexp" 322
"C:/UnrealProjects/VRTeamProject/Content/Asset/Buildings/Mat_Building.uasset" 323
"C:/UnrealProjects/VRTeamProject/Content/Asset/Buildings/Mat_Building.uexp" 324
"C:/UnrealProjects/VRTeamProject/Content/Asset/Buildings/building-skyscraper-a.ubulk" 325
"C:/UnrealProjects/VRTeamProject/Content/Asset/Buildings/building-skyscraper-a.uasset" 326
"C:/UnrealProjects/VRTeamProject/Content/Asset/Buildings/building-skyscraper-a.uexp" 327
"C:/UnrealProjects/VRTeamProject/Content/Asset/Buildings/building-a.ubulk" 328
"C:/UnrealProjects/VRTeamProject/Content/Asset/Buildings/building-a.uasset" 329
"C:/UnrealProjects/VRTeamProject/Content/Asset/Buildings/building-a.uexp" 330
"C:/UnrealProjects/VRTeamProject/Content/Asset/Buildings/building-h.ubulk" 331
"C:/UnrealProjects/VRTeamProject/Content/Asset/Buildings/building-h.uasset" 332
"C:/UnrealProjects/VRTeamProject/Content/Asset/Buildings/building-h.uexp" 333
"C:/UnrealProjects/VRTeamProject/Content/Actor/Building/BP_BulidingBaseActor.uasset" 334
"C:/UnrealProjects/VRTeamProject/Content/Actor/Building/BP_BulidingBaseActor.uexp" 335
"../../../Engine/Plugins/Runtime/MeshModelingToolset/Content/Materials/M_DynamicMeshComponentVtxColor.uasset" 336
"../../../Engine/Plugins/Runtime/MeshModelingToolset/Content/Materials/M_DynamicMeshComponentVtxColor.uexp" 337
"../../../Engine/Plugins/Marketplace/MetaXR/Content/Materials/PokeAHoleMaterial.uasset" 338
"../../../Engine/Plugins/Marketplace/MetaXR/Content/Materials/PokeAHoleMaterial.uexp" 339
"../../../Engine/Plugins/Marketplace/MetaXR/Content/Materials/OculusMR_OpaqueColoredMaterial.uasset" 340
"../../../Engine/Plugins/Marketplace/MetaXR/Content/Materials/OculusMR_OpaqueColoredMaterial.uexp" 341
"../../../Engine/Content/Functions/Engine_MaterialFunctions02/Utility/CameraDirectionVector.uasset" 342
"../../../Engine/Content/Functions/Engine_MaterialFunctions02/Utility/CameraDirectionVector.uexp" 343
"../../../Engine/Content/Functions/Engine_MaterialFunctions01/Volumetrics/BeersLaw.uasset" 344
"../../../Engine/Content/Functions/Engine_MaterialFunctions01/Volumetrics/BeersLaw.uexp" 345
"../../../Engine/Content/EngineMaterials/Good64x64TilingNoiseHighFreq.uasset" 346
"../../../Engine/Content/EngineMaterials/Good64x64TilingNoiseHighFreq.uexp" 347
"../../../Engine/Content/Functions/Engine_MaterialFunctions02/Texturing/ScreenAlignedPixelToPixelUVs.uasset" 348
"../../../Engine/Content/Functions/Engine_MaterialFunctions02/Texturing/ScreenAlignedPixelToPixelUVs.uexp" 349
"../../../Engine/Content/Functions/Engine_MaterialFunctions02/Utility/BreakOutFloat3Components.uasset" 350
"../../../Engine/Content/Functions/Engine_MaterialFunctions02/Utility/BreakOutFloat3Components.uexp" 351
"../../../Engine/Content/Functions/Engine_MaterialFunctions03/Math/RemapValueRange.uasset" 352
"../../../Engine/Content/Functions/Engine_MaterialFunctions03/Math/RemapValueRange.uexp" 353
"../../../Engine/Plugins/Editor/SpeedTreeImporter/Content/SpeedTree9/game_wind_noise.ubulk" 354
"../../../Engine/Plugins/Editor/SpeedTreeImporter/Content/SpeedTree9/game_wind_noise.uasset" 355
"../../../Engine/Plugins/Editor/SpeedTreeImporter/Content/SpeedTree9/game_wind_noise.uexp" 356
"../../../Engine/Plugins/Editor/SpeedTreeImporter/Content/SpeedTree9/UnpackDirection.uasset" 357
"../../../Engine/Plugins/Editor/SpeedTreeImporter/Content/SpeedTree9/UnpackDirection.uexp" 358
"../../../Engine/Content/Functions/Engine_MaterialFunctions02/ObjectLocalBounds.uasset" 359
"../../../Engine/Content/Functions/Engine_MaterialFunctions02/ObjectLocalBounds.uexp" 360
"../../../Engine/Content/Functions/Engine_MaterialFunctions02/UVs/BoundingBoxBased_0-1_UVW.uasset" 361
"../../../Engine/Content/Functions/Engine_MaterialFunctions02/UVs/BoundingBoxBased_0-1_UVW.uexp" 362
"../../../Engine/Content/Functions/Engine_MaterialFunctions02/Utility/VectorLength.uasset" 363
"../../../Engine/Content/Functions/Engine_MaterialFunctions02/Utility/VectorLength.uexp" 364
"../../../Engine/Plugins/Editor/SpeedTreeImporter/Content/SpeedTree9/UnpackInteger3.uasset" 365
"../../../Engine/Plugins/Editor/SpeedTreeImporter/Content/SpeedTree9/UnpackInteger3.uexp" 366
"../../../Engine/Plugins/Editor/SpeedTreeImporter/Content/SpeedTree9/SpeedTreeCameraFacing.uasset" 367
"../../../Engine/Plugins/Editor/SpeedTreeImporter/Content/SpeedTree9/SpeedTreeCameraFacing.uexp" 368
"../../../Engine/Content/Functions/Engine_MaterialFunctions02/WorldPositionOffset/ObjectScale.uasset" 369
"../../../Engine/Content/Functions/Engine_MaterialFunctions02/WorldPositionOffset/ObjectScale.uexp" 370
"../../../Engine/Content/Functions/Engine_MaterialFunctions02/SafeNormalize.uasset" 371
"../../../Engine/Content/Functions/Engine_MaterialFunctions02/SafeNormalize.uexp" 372
"../../../Engine/Plugins/Editor/SpeedTreeImporter/Content/SpeedTree9/SpeedTreeWindMotion.uasset" 373
"../../../Engine/Plugins/Editor/SpeedTreeImporter/Content/SpeedTree9/SpeedTreeWindMotion.uexp" 374
"../../../Engine/Plugins/Editor/SpeedTreeImporter/Content/SpeedTree9/SpeedTreeBranchMotion.uasset" 375
"../../../Engine/Plugins/Editor/SpeedTreeImporter/Content/SpeedTree9/SpeedTreeBranchMotion.uexp" 376
"../../../Engine/Plugins/Editor/SpeedTreeImporter/Content/SpeedTree9/SpeedTreeWind.uasset" 377
"../../../Engine/Plugins/Editor/SpeedTreeImporter/Content/SpeedTree9/SpeedTreeWind.uexp" 378
"../../../Engine/Plugins/Editor/SpeedTreeImporter/Content/SpeedTree9/EmptyNormal.uasset" 379
"../../../Engine/Plugins/Editor/SpeedTreeImporter/Content/SpeedTree9/EmptyNormal.uexp" 380
"../../../Engine/Plugins/Editor/SpeedTreeImporter/Content/SpeedTree9/Empty.uasset" 381
"../../../Engine/Plugins/Editor/SpeedTreeImporter/Content/SpeedTree9/Empty.uexp" 382
"../../../Engine/Plugins/Editor/SpeedTreeImporter/Content/SpeedTree9/SpeedTreeMaster.uasset" 383
"../../../Engine/Plugins/Editor/SpeedTreeImporter/Content/SpeedTree9/SpeedTreeMaster.uexp" 384
"../../../Engine/Plugins/Editor/SpeedTreeImporter/Content/SpeedTree9/SpeedTreeBillboard.uasset" 385
"../../../Engine/Plugins/Editor/SpeedTreeImporter/Content/SpeedTree9/SpeedTreeBillboard.uexp" 386
"../../../Engine/Plugins/Editor/SpeedTreeImporter/Content/SpeedTree9/SpeedTreeBillboardMaster.uasset" 387
"../../../Engine/Plugins/Editor/SpeedTreeImporter/Content/SpeedTree9/SpeedTreeBillboardMaster.uexp" 388
"../../../Engine/Content/Functions/Engine_MaterialFunctions02/WorldPositionOffset/CameraOffset.uasset" 389
"../../../Engine/Content/Functions/Engine_MaterialFunctions02/WorldPositionOffset/CameraOffset.uexp" 390
"../../../Engine/Plugins/Animation/ControlRig/Content/M_Manip.uasset" 391
"../../../Engine/Plugins/Animation/ControlRig/Content/M_Manip.uexp" 392
"../../../Engine/Plugins/Animation/ControlRig/Content/Controls/DefaultGizmoLibraryNormalized.uasset" 393
"../../../Engine/Plugins/Animation/ControlRig/Content/Controls/DefaultGizmoLibraryNormalized.uexp" 394
"../../../Engine/Plugins/Animation/ControlRig/Content/Controls/ControlRig_Wedge_solid.ubulk" 395
"../../../Engine/Plugins/Animation/ControlRig/Content/Controls/ControlRig_Wedge_solid.uasset" 396
"../../../Engine/Plugins/Animation/ControlRig/Content/Controls/ControlRig_Wedge_solid.uexp" 397
"../../../Engine/Plugins/Animation/ControlRig/Content/Controls/ControlRig_Wedge_3mm.ubulk" 398
"../../../Engine/Plugins/Animation/ControlRig/Content/Controls/ControlRig_Wedge_3mm.uasset" 399
"../../../Engine/Plugins/Animation/ControlRig/Content/Controls/ControlRig_Wedge_3mm.uexp" 400
"../../../Engine/Plugins/Animation/ControlRig/Content/Controls/ControlRig_Wedge_1mm.ubulk" 401
"../../../Engine/Plugins/Animation/ControlRig/Content/Controls/ControlRig_Wedge_1mm.uasset" 402
"../../../Engine/Plugins/Animation/ControlRig/Content/Controls/ControlRig_Wedge_1mm.uexp" 403
"../../../Engine/Plugins/Animation/ControlRig/Content/Controls/ControlRig_Triangle_solid.ubulk" 404
"../../../Engine/Plugins/Animation/ControlRig/Content/Controls/ControlRig_Triangle_solid.uasset" 405
"../../../Engine/Plugins/Animation/ControlRig/Content/Controls/ControlRig_Triangle_solid.uexp" 406
"../../../Engine/Plugins/Animation/ControlRig/Content/Controls/ControlRig_Triangle_3mm.ubulk" 407
"../../../Engine/Plugins/Animation/ControlRig/Content/Controls/ControlRig_Triangle_3mm.uasset" 408
"../../../Engine/Plugins/Animation/ControlRig/Content/Controls/ControlRig_Triangle_3mm.uexp" 409
"../../../Engine/Plugins/Animation/ControlRig/Content/Controls/ControlRig_Triangle_1mm.ubulk" 410
"../../../Engine/Plugins/Animation/ControlRig/Content/Controls/ControlRig_Triangle_1mm.uasset" 411
"../../../Engine/Plugins/Animation/ControlRig/Content/Controls/ControlRig_Triangle_1mm.uexp" 412
"../../../Engine/Plugins/Animation/ControlRig/Content/Controls/ControlRig_Star4_solid.ubulk" 413
"../../../Engine/Plugins/Animation/ControlRig/Content/Controls/ControlRig_Star4_solid.uasset" 414
"../../../Engine/Plugins/Animation/ControlRig/Content/Controls/ControlRig_Star4_solid.uexp" 415
"../../../Engine/Plugins/Animation/ControlRig/Content/Controls/ControlRig_Star4_3mm.ubulk" 416
"../../../Engine/Plugins/Animation/ControlRig/Content/Controls/ControlRig_Star4_3mm.uasset" 417
"../../../Engine/Plugins/Animation/ControlRig/Content/Controls/ControlRig_Star4_3mm.uexp" 418
"../../../Engine/Plugins/Animation/ControlRig/Content/Controls/ControlRig_Star4_1mm.ubulk" 419
"../../../Engine/Plugins/Animation/ControlRig/Content/Controls/ControlRig_Star4_1mm.uasset" 420
"../../../Engine/Plugins/Animation/ControlRig/Content/Controls/ControlRig_Star4_1mm.uexp" 421
"../../../Engine/Plugins/Animation/ControlRig/Content/Controls/ControlRig_Square_solid.ubulk" 422
"../../../Engine/Plugins/Animation/ControlRig/Content/Controls/ControlRig_Square_solid.uasset" 423
"../../../Engine/Plugins/Animation/ControlRig/Content/Controls/ControlRig_Square_solid.uexp" 424
"../../../Engine/Plugins/Animation/ControlRig/Content/Controls/ControlRig_Square_3mm.ubulk" 425
"../../../Engine/Plugins/Animation/ControlRig/Content/Controls/ControlRig_Square_3mm.uasset" 426
"../../../Engine/Plugins/Animation/ControlRig/Content/Controls/ControlRig_Square_3mm.uexp" 427
"../../../Engine/Plugins/Animation/ControlRig/Content/Controls/ControlRig_Square_1mm.ubulk" 428
"../../../Engine/Plugins/Animation/ControlRig/Content/Controls/ControlRig_Square_1mm.uasset" 429
"../../../Engine/Plugins/Animation/ControlRig/Content/Controls/ControlRig_Square_1mm.uexp" 430
"../../../Engine/Plugins/Animation/ControlRig/Content/Controls/ControlRig_Sphere_solid.ubulk" 431
"../../../Engine/Plugins/Animation/ControlRig/Content/Controls/ControlRig_Sphere_solid.uasset" 432
"../../../Engine/Plugins/Animation/ControlRig/Content/Controls/ControlRig_Sphere_solid.uexp" 433
"../../../Engine/Plugins/Animation/ControlRig/Content/Controls/ControlRig_Sphere_3mm.ubulk" 434
"../../../Engine/Plugins/Animation/ControlRig/Content/Controls/ControlRig_Sphere_3mm.uasset" 435
"../../../Engine/Plugins/Animation/ControlRig/Content/Controls/ControlRig_Sphere_3mm.uexp" 436
"../../../Engine/Plugins/Animation/ControlRig/Content/Controls/ControlRig_Sphere_1mm.ubulk" 437
"../../../Engine/Plugins/Animation/ControlRig/Content/Controls/ControlRig_Sphere_1mm.uasset" 438
"../../../Engine/Plugins/Animation/ControlRig/Content/Controls/ControlRig_Sphere_1mm.uexp" 439
"../../../Engine/Plugins/Animation/ControlRig/Content/Controls/ControlRig_RoundedTriangle_solid.ubulk" 440
"../../../Engine/Plugins/Animation/ControlRig/Content/Controls/ControlRig_RoundedTriangle_solid.uasset" 441
"../../../Engine/Plugins/Animation/ControlRig/Content/Controls/ControlRig_RoundedTriangle_solid.uexp" 442
"../../../Engine/Plugins/Animation/ControlRig/Content/Controls/ControlRig_RoundedTriangle_3mm.ubulk" 443
"../../../Engine/Plugins/Animation/ControlRig/Content/Controls/ControlRig_RoundedTriangle_3mm.uasset" 444
"../../../Engine/Plugins/Animation/ControlRig/Content/Controls/ControlRig_RoundedTriangle_3mm.uexp" 445
"../../../Engine/Plugins/Animation/ControlRig/Content/Controls/ControlRig_RoundedTriangle_1mm.ubulk" 446
"../../../Engine/Plugins/Animation/ControlRig/Content/Controls/ControlRig_RoundedTriangle_1mm.uasset" 447
"../../../Engine/Plugins/Animation/ControlRig/Content/Controls/ControlRig_RoundedTriangle_1mm.uexp" 448
"../../../Engine/Plugins/Animation/ControlRig/Content/Controls/ControlRig_RoundedSquare_solid.ubulk" 449
"../../../Engine/Plugins/Animation/ControlRig/Content/Controls/ControlRig_RoundedSquare_solid.uasset" 450
"../../../Engine/Plugins/Animation/ControlRig/Content/Controls/ControlRig_RoundedSquare_solid.uexp" 451
"../../../Engine/Plugins/Animation/ControlRig/Content/Controls/ControlRig_RoundedSquare_3mm.ubulk" 452
"../../../Engine/Plugins/Animation/ControlRig/Content/Controls/ControlRig_RoundedSquare_3mm.uasset" 453
"../../../Engine/Plugins/Animation/ControlRig/Content/Controls/ControlRig_RoundedSquare_3mm.uexp" 454
"../../../Engine/Plugins/Animation/ControlRig/Content/Controls/ControlRig_RoundedSquare_1mm.ubulk" 455
"../../../Engine/Plugins/Animation/ControlRig/Content/Controls/ControlRig_RoundedSquare_1mm.uasset" 456
"../../../Engine/Plugins/Animation/ControlRig/Content/Controls/ControlRig_RoundedSquare_1mm.uexp" 457
"../../../Engine/Plugins/Animation/ControlRig/Content/Controls/ControlRig_QuarterCircle_solid.ubulk" 458
"../../../Engine/Plugins/Animation/ControlRig/Content/Controls/ControlRig_QuarterCircle_solid.uasset" 459
"../../../Engine/Plugins/Animation/ControlRig/Content/Controls/ControlRig_QuarterCircle_solid.uexp" 460
"../../../Engine/Plugins/Animation/ControlRig/Content/Controls/ControlRig_QuarterCircle_3mm.ubulk" 461
"../../../Engine/Plugins/Animation/ControlRig/Content/Controls/ControlRig_QuarterCircle_3mm.uasset" 462
"../../../Engine/Plugins/Animation/ControlRig/Content/Controls/ControlRig_QuarterCircle_3mm.uexp" 463
"../../../Engine/Plugins/Animation/ControlRig/Content/Controls/ControlRig_QuarterCircle_1mm.ubulk" 464
"../../../Engine/Plugins/Animation/ControlRig/Content/Controls/ControlRig_QuarterCircle_1mm.uasset" 465
"../../../Engine/Plugins/Animation/ControlRig/Content/Controls/ControlRig_QuarterCircle_1mm.uexp" 466
"../../../Engine/Plugins/Animation/ControlRig/Content/Controls/ControlRig_Pyramid_solid.ubulk" 467
"../../../Engine/Plugins/Animation/ControlRig/Content/Controls/ControlRig_Pyramid_solid.uasset" 468
"../../../Engine/Plugins/Animation/ControlRig/Content/Controls/ControlRig_Pyramid_solid.uexp" 469
"../../../Engine/Plugins/Animation/ControlRig/Content/Controls/ControlRig_Pyramid_3mm.ubulk" 470
"../../../Engine/Plugins/Animation/ControlRig/Content/Controls/ControlRig_Pyramid_3mm.uasset" 471
"../../../Engine/Plugins/Animation/ControlRig/Content/Controls/ControlRig_Pyramid_3mm.uexp" 472
"../../../Engine/Plugins/Animation/ControlRig/Content/Controls/ControlRig_Pyramid_1mm.ubulk" 473
"../../../Engine/Plugins/Animation/ControlRig/Content/Controls/ControlRig_Pyramid_1mm.uasset" 474
"../../../Engine/Plugins/Animation/ControlRig/Content/Controls/ControlRig_Pyramid_1mm.uexp" 475
"../../../Engine/Plugins/Animation/ControlRig/Content/Controls/ControlRig_Octagon_solid.ubulk" 476
"../../../Engine/Plugins/Animation/ControlRig/Content/Controls/ControlRig_Octagon_solid.uasset" 477
"../../../Engine/Plugins/Animation/ControlRig/Content/Controls/ControlRig_Octagon_solid.uexp" 478
"../../../Engine/Plugins/Animation/ControlRig/Content/Controls/ControlRig_Octagon_3mm.ubulk" 479
"../../../Engine/Plugins/Animation/ControlRig/Content/Controls/ControlRig_Octagon_3mm.uasset" 480
"../../../Engine/Plugins/Animation/ControlRig/Content/Controls/ControlRig_Octagon_3mm.uexp" 481
"../../../Engine/Plugins/Animation/ControlRig/Content/Controls/ControlRig_Octagon_1mm.ubulk" 482
"../../../Engine/Plugins/Animation/ControlRig/Content/Controls/ControlRig_Octagon_1mm.uasset" 483
"../../../Engine/Plugins/Animation/ControlRig/Content/Controls/ControlRig_Octagon_1mm.uexp" 484
"../../../Engine/Plugins/Animation/ControlRig/Content/Controls/ControlRig_Hexagon_solid.ubulk" 485
"../../../Engine/Plugins/Animation/ControlRig/Content/Controls/ControlRig_Hexagon_solid.uasset" 486
"../../../Engine/Plugins/Animation/ControlRig/Content/Controls/ControlRig_Hexagon_solid.uexp" 487
"../../../Engine/Plugins/Animation/ControlRig/Content/Controls/ControlRig_Hexagon_3mm.ubulk" 488
"../../../Engine/Plugins/Animation/ControlRig/Content/Controls/ControlRig_Hexagon_3mm.uasset" 489
"../../../Engine/Plugins/Animation/ControlRig/Content/Controls/ControlRig_Hexagon_3mm.uexp" 490
"../../../Engine/Plugins/Animation/ControlRig/Content/Controls/ControlRig_Hexagon_1mm.ubulk" 491
"../../../Engine/Plugins/Animation/ControlRig/Content/Controls/ControlRig_Hexagon_1mm.uasset" 492
"../../../Engine/Plugins/Animation/ControlRig/Content/Controls/ControlRig_Hexagon_1mm.uexp" 493
"../../../Engine/Plugins/Animation/ControlRig/Content/Controls/ControlRig_HalfCircle_solid.ubulk" 494
"../../../Engine/Plugins/Animation/ControlRig/Content/Controls/ControlRig_HalfCircle_solid.uasset" 495
"../../../Engine/Plugins/Animation/ControlRig/Content/Controls/ControlRig_HalfCircle_solid.uexp" 496
"../../../Engine/Plugins/Animation/ControlRig/Content/Controls/ControlRig_HalfCircle_3mm.ubulk" 497
"../../../Engine/Plugins/Animation/ControlRig/Content/Controls/ControlRig_HalfCircle_3mm.uasset" 498
"../../../Engine/Plugins/Animation/ControlRig/Content/Controls/ControlRig_HalfCircle_3mm.uexp" 499
"../../../Engine/Plugins/Animation/ControlRig/Content/Controls/ControlRig_HalfCircle_1mm.ubulk" 500
"../../../Engine/Plugins/Animation/ControlRig/Content/Controls/ControlRig_HalfCircle_1mm.uasset" 501
"../../../Engine/Plugins/Animation/ControlRig/Content/Controls/ControlRig_HalfCircle_1mm.uexp" 502
"../../../Engine/Plugins/Animation/ControlRig/Content/Controls/ControlRig_Diamond_solid.ubulk" 503
"../../../Engine/Plugins/Animation/ControlRig/Content/Controls/ControlRig_Diamond_solid.uasset" 504
"../../../Engine/Plugins/Animation/ControlRig/Content/Controls/ControlRig_Diamond_solid.uexp" 505
"../../../Engine/Plugins/Animation/ControlRig/Content/Controls/ControlRig_Diamond_3mm.ubulk" 506
"../../../Engine/Plugins/Animation/ControlRig/Content/Controls/ControlRig_Diamond_3mm.uasset" 507
"../../../Engine/Plugins/Animation/ControlRig/Content/Controls/ControlRig_Diamond_3mm.uexp" 508
"../../../Engine/Plugins/Animation/ControlRig/Content/Controls/ControlRig_Diamond_1mm.ubulk" 509
"../../../Engine/Plugins/Animation/ControlRig/Content/Controls/ControlRig_Diamond_1mm.uasset" 510
"../../../Engine/Plugins/Animation/ControlRig/Content/Controls/ControlRig_Diamond_1mm.uexp" 511
"../../../Engine/Plugins/Animation/ControlRig/Content/Controls/ControlRig_Circle_solid.ubulk" 512
"../../../Engine/Plugins/Animation/ControlRig/Content/Controls/ControlRig_Circle_solid.uasset" 513
"../../../Engine/Plugins/Animation/ControlRig/Content/Controls/ControlRig_Circle_solid.uexp" 514
"../../../Engine/Plugins/Animation/ControlRig/Content/Controls/ControlRig_Circle_3mm.ubulk" 515
"../../../Engine/Plugins/Animation/ControlRig/Content/Controls/ControlRig_Circle_3mm.uasset" 516
"../../../Engine/Plugins/Animation/ControlRig/Content/Controls/ControlRig_Circle_3mm.uexp" 517
"../../../Engine/Plugins/Animation/ControlRig/Content/Controls/ControlRig_Circle_1mm.ubulk" 518
"../../../Engine/Plugins/Animation/ControlRig/Content/Controls/ControlRig_Circle_1mm.uasset" 519
"../../../Engine/Plugins/Animation/ControlRig/Content/Controls/ControlRig_Circle_1mm.uexp" 520
"../../../Engine/Plugins/Animation/ControlRig/Content/Controls/ControlRig_Box_solid.ubulk" 521
"../../../Engine/Plugins/Animation/ControlRig/Content/Controls/ControlRig_Box_solid.uasset" 522
"../../../Engine/Plugins/Animation/ControlRig/Content/Controls/ControlRig_Box_solid.uexp" 523
"../../../Engine/Plugins/Animation/ControlRig/Content/Controls/ControlRig_Box_3mm.ubulk" 524
"../../../Engine/Plugins/Animation/ControlRig/Content/Controls/ControlRig_Box_3mm.uasset" 525
"../../../Engine/Plugins/Animation/ControlRig/Content/Controls/ControlRig_Box_3mm.uexp" 526
"../../../Engine/Plugins/Animation/ControlRig/Content/Controls/ControlRig_Box_1mm.ubulk" 527
"../../../Engine/Plugins/Animation/ControlRig/Content/Controls/ControlRig_Box_1mm.uasset" 528
"../../../Engine/Plugins/Animation/ControlRig/Content/Controls/ControlRig_Box_1mm.uexp" 529
"../../../Engine/Plugins/Animation/ControlRig/Content/Controls/ControlRig_Arrow_solid.ubulk" 530
"../../../Engine/Plugins/Animation/ControlRig/Content/Controls/ControlRig_Arrow_solid.uasset" 531
"../../../Engine/Plugins/Animation/ControlRig/Content/Controls/ControlRig_Arrow_solid.uexp" 532
"../../../Engine/Plugins/Animation/ControlRig/Content/Controls/ControlRig_Arrow_3mm.ubulk" 533
"../../../Engine/Plugins/Animation/ControlRig/Content/Controls/ControlRig_Arrow_3mm.uasset" 534
"../../../Engine/Plugins/Animation/ControlRig/Content/Controls/ControlRig_Arrow_3mm.uexp" 535
"../../../Engine/Plugins/Animation/ControlRig/Content/Controls/ControlRig_Arrow_1mm.ubulk" 536
"../../../Engine/Plugins/Animation/ControlRig/Content/Controls/ControlRig_Arrow_1mm.uasset" 537
"../../../Engine/Plugins/Animation/ControlRig/Content/Controls/ControlRig_Arrow_1mm.uexp" 538
"../../../Engine/Plugins/Animation/ControlRig/Content/Controls/ControlRig_Arrow4_solid.ubulk" 539
"../../../Engine/Plugins/Animation/ControlRig/Content/Controls/ControlRig_Arrow4_solid.uasset" 540
"../../../Engine/Plugins/Animation/ControlRig/Content/Controls/ControlRig_Arrow4_solid.uexp" 541
"../../../Engine/Plugins/Animation/ControlRig/Content/Controls/ControlRig_Arrow4_3mm.ubulk" 542
"../../../Engine/Plugins/Animation/ControlRig/Content/Controls/ControlRig_Arrow4_3mm.uasset" 543
"../../../Engine/Plugins/Animation/ControlRig/Content/Controls/ControlRig_Arrow4_3mm.uexp" 544
"../../../Engine/Plugins/Animation/ControlRig/Content/Controls/ControlRig_Arrow4_1mm.ubulk" 545
"../../../Engine/Plugins/Animation/ControlRig/Content/Controls/ControlRig_Arrow4_1mm.uasset" 546
"../../../Engine/Plugins/Animation/ControlRig/Content/Controls/ControlRig_Arrow4_1mm.uexp" 547
"../../../Engine/Plugins/Animation/ControlRig/Content/Controls/ControlRig_Arrow2_solid.ubulk" 548
"../../../Engine/Plugins/Animation/ControlRig/Content/Controls/ControlRig_Arrow2_solid.uasset" 549
"../../../Engine/Plugins/Animation/ControlRig/Content/Controls/ControlRig_Arrow2_solid.uexp" 550
"../../../Engine/Plugins/Animation/ControlRig/Content/Controls/ControlRig_Arrow2_3mm.ubulk" 551
"../../../Engine/Plugins/Animation/ControlRig/Content/Controls/ControlRig_Arrow2_3mm.uasset" 552
"../../../Engine/Plugins/Animation/ControlRig/Content/Controls/ControlRig_Arrow2_3mm.uexp" 553
"../../../Engine/Plugins/Animation/ControlRig/Content/Controls/ControlRig_Arrow2_1mm.ubulk" 554
"../../../Engine/Plugins/Animation/ControlRig/Content/Controls/ControlRig_Arrow2_1mm.uasset" 555
"../../../Engine/Plugins/Animation/ControlRig/Content/Controls/ControlRig_Arrow2_1mm.uexp" 556
"../../../Engine/Plugins/Animation/ControlRig/Content/Controls/ControlRigXRayMaterial.uasset" 557
"../../../Engine/Plugins/Animation/ControlRig/Content/Controls/ControlRigXRayMaterial.uexp" 558
"../../../Engine/Plugins/Animation/ControlRig/Content/Controls/ControlRigGizmoMaterial.uasset" 559
"../../../Engine/Plugins/Animation/ControlRig/Content/Controls/ControlRigGizmoMaterial.uexp" 560
"../../../Engine/Plugins/2D/Paper2D/Content/PlaceholderTextures/DummySpriteTexture.ubulk" 561
"../../../Engine/Plugins/2D/Paper2D/Content/PlaceholderTextures/DummySpriteTexture.uasset" 562
"../../../Engine/Plugins/2D/Paper2D/Content/PlaceholderTextures/DummySpriteTexture.uexp" 563
"../../../Engine/Plugins/2D/Paper2D/Content/DefaultSpriteMaterial.uasset" 564
"../../../Engine/Plugins/2D/Paper2D/Content/DefaultSpriteMaterial.uexp" 565
"../../../Engine/Plugins/2D/Paper2D/Content/OpaqueUnlitSpriteMaterial.uasset" 566
"../../../Engine/Plugins/2D/Paper2D/Content/OpaqueUnlitSpriteMaterial.uexp" 567
"../../../Engine/Plugins/2D/Paper2D/Content/MaskedUnlitSpriteMaterial.uasset" 568
"../../../Engine/Plugins/2D/Paper2D/Content/MaskedUnlitSpriteMaterial.uexp" 569
"../../../Engine/Plugins/2D/Paper2D/Content/DummySprite.uasset" 570
"../../../Engine/Plugins/2D/Paper2D/Content/DummySprite.uexp" 571
"../../../Engine/Plugins/2D/Paper2D/Content/DefaultPaperTerrainMaterial.uasset" 572
"../../../Engine/Plugins/2D/Paper2D/Content/DefaultPaperTerrainMaterial.uexp" 573
"../../../Engine/Content/VREditor/TransformGizmo/StartRotationHandleIndicator.ubulk" 574
"../../../Engine/Content/VREditor/TransformGizmo/StartRotationHandleIndicator.uasset" 575
"../../../Engine/Content/VREditor/TransformGizmo/StartRotationHandleIndicator.uexp" 576
"../../../Engine/Content/VREditor/Sounds/UI/Drop_Item_From_ContentBrowser.ubulk" 577
"../../../Engine/Content/VREditor/Sounds/UI/Drop_Item_From_ContentBrowser.uasset" 578
"../../../Engine/Content/VREditor/Sounds/UI/Drop_Item_From_ContentBrowser.uexp" 579
"../../../Engine/Content/VREditor/TransformGizmo/PlaneTranslationHandle.ubulk" 580
"../../../Engine/Content/VREditor/TransformGizmo/PlaneTranslationHandle.uasset" 581
"../../../Engine/Content/VREditor/TransformGizmo/PlaneTranslationHandle.uexp" 582
"../../../Engine/Content/VREditor/Sounds/UI/Object_Snaps_To_Grid.ubulk" 583
"../../../Engine/Content/VREditor/Sounds/UI/Object_Snaps_To_Grid.uasset" 584
"../../../Engine/Content/VREditor/Sounds/UI/Object_Snaps_To_Grid.uexp" 585
"../../../Engine/Content/VREditor/Sounds/UI/Selection_Changes.ubulk" 586
"../../../Engine/Content/VREditor/Sounds/UI/Selection_Changes.uasset" 587
"../../../Engine/Content/VREditor/Sounds/UI/Selection_Changes.uexp" 588
"../../../Engine/Content/VREditor/Sounds/UI/Object_Snaps_To_Another_Actor.ubulk" 589
"../../../Engine/Content/VREditor/Sounds/UI/Object_Snaps_To_Another_Actor.uasset" 590
"../../../Engine/Content/VREditor/Sounds/UI/Object_Snaps_To_Another_Actor.uexp" 591
"../../../Engine/Content/VREditor/TransformGizmo/TranslucentTransformGizmoMaterial_Inst.uasset" 592
"../../../Engine/Content/VREditor/TransformGizmo/TranslucentTransformGizmoMaterial_Inst.uexp" 593
"../../../Engine/Content/VREditor/TransformGizmo/TransformGizmoFreeRotation.ubulk" 594
"../../../Engine/Content/VREditor/TransformGizmo/TransformGizmoFreeRotation.uasset" 595
"../../../Engine/Content/VREditor/TransformGizmo/TransformGizmoFreeRotation.uexp" 596
"../../../Engine/Content/VREditor/Sounds/UI/Scaling_Down.ubulk" 597
"../../../Engine/Content/VREditor/Sounds/UI/Scaling_Down.uasset" 598
"../../../Engine/Content/VREditor/Sounds/UI/Scaling_Down.uexp" 599
"../../../Engine/Content/Functions/Engine_MaterialFunctions02/Math/Transform3x3Matrix.uasset" 600
"../../../Engine/Content/Functions/Engine_MaterialFunctions02/Math/Transform3x3Matrix.uexp" 601
"../../../Engine/Content/Functions/Engine_MaterialFunctions02/SplitComponents.uasset" 602
"../../../Engine/Content/Functions/Engine_MaterialFunctions02/SplitComponents.uexp" 603
"../../../Engine/Content/Functions/Engine_MaterialFunctions02/Utility/MakeFloat3.uasset" 604
"../../../Engine/Content/Functions/Engine_MaterialFunctions02/Utility/MakeFloat3.uexp" 605
"../../../Engine/Content/VREditor/SnapGrid/SnapGridMaterial.uasset" 606
"../../../Engine/Content/VREditor/SnapGrid/SnapGridMaterial.uexp" 607
"../../../Engine/Content/VREditor/SnapGrid/SnapGridPlaneMesh.ubulk" 608
"../../../Engine/Content/VREditor/SnapGrid/SnapGridPlaneMesh.uasset" 609
"../../../Engine/Content/VREditor/SnapGrid/SnapGridPlaneMesh.uexp" 610
"../../../Engine/Content/VREditor/Sounds/UI/Scaling_Up.ubulk" 611
"../../../Engine/Content/VREditor/Sounds/UI/Scaling_Up.uasset" 612
"../../../Engine/Content/VREditor/Sounds/UI/Scaling_Up.uexp" 613
"../../../Engine/Content/VREditor/TransformGizmo/TransformGizmoMaterial_Inst.uasset" 614
"../../../Engine/Content/VREditor/TransformGizmo/TransformGizmoMaterial_Inst.uexp" 615
"../../../Engine/Content/VREditor/Sounds/UI/Gizmo_Handle_Clicked.ubulk" 616
"../../../Engine/Content/VREditor/Sounds/UI/Gizmo_Handle_Clicked.uasset" 617
"../../../Engine/Content/VREditor/Sounds/UI/Gizmo_Handle_Clicked.uexp" 618
"../../../Engine/Content/VREditor/TransformGizmo/RotationHandleQuarter.ubulk" 619
"../../../Engine/Content/VREditor/TransformGizmo/RotationHandleQuarter.uasset" 620
"../../../Engine/Content/VREditor/TransformGizmo/RotationHandleQuarter.uexp" 621
"../../../Engine/Content/VREditor/TransformGizmo/TranslateArrowHandle.ubulk" 622
"../../../Engine/Content/VREditor/TransformGizmo/TranslateArrowHandle.uasset" 623
"../../../Engine/Content/VREditor/TransformGizmo/TranslateArrowHandle.uexp" 624
"../../../Engine/Content/VREditor/TransformGizmo/RotationHandleIndicator.ubulk" 625
"../../../Engine/Content/VREditor/TransformGizmo/RotationHandleIndicator.uasset" 626
"../../../Engine/Content/VREditor/TransformGizmo/RotationHandleIndicator.uexp" 627
"../../../Engine/Content/VREditor/TransformGizmo/UniformScaleHandle.ubulk" 628
"../../../Engine/Content/VREditor/TransformGizmo/UniformScaleHandle.uasset" 629
"../../../Engine/Content/VREditor/TransformGizmo/UniformScaleHandle.uexp" 630
"../../../Engine/Content/VREditor/TransformGizmo/RotationHandleFull.ubulk" 631
"../../../Engine/Content/VREditor/TransformGizmo/RotationHandleFull.uasset" 632
"../../../Engine/Content/VREditor/TransformGizmo/RotationHandleFull.uexp" 633
"../../../Engine/Content/VREditor/Sounds/UI/Object_PickUp.ubulk" 634
"../../../Engine/Content/VREditor/Sounds/UI/Object_PickUp.uasset" 635
"../../../Engine/Content/VREditor/Sounds/UI/Object_PickUp.uexp" 636
"../../../Engine/Content/EngineSounds/Master.uasset" 637
"../../../Engine/Content/EngineSounds/Master.uexp" 638
"../../../Engine/Content/EngineResources/WhiteSquareTexture.uasset" 639
"../../../Engine/Content/EngineResources/WhiteSquareTexture.uexp" 640
"../../../Engine/Content/EngineMaterials/Widget3DPassThrough.uasset" 641
"../../../Engine/Content/EngineMaterials/Widget3DPassThrough.uexp" 642
"../../../Engine/Content/EngineMaterials/Widget3DPassThrough_Translucent.uasset" 643
"../../../Engine/Content/EngineMaterials/Widget3DPassThrough_Translucent.uexp" 644
"../../../Engine/Content/EngineMaterials/Widget3DPassThrough_Translucent_OneSided.uasset" 645
"../../../Engine/Content/EngineMaterials/Widget3DPassThrough_Translucent_OneSided.uexp" 646
"../../../Engine/Content/EngineMaterials/Widget3DPassThrough_Opaque.uasset" 647
"../../../Engine/Content/EngineMaterials/Widget3DPassThrough_Opaque.uexp" 648
"../../../Engine/Content/EngineMaterials/Widget3DPassThrough_Opaque_OneSided.uasset" 649
"../../../Engine/Content/EngineMaterials/Widget3DPassThrough_Opaque_OneSided.uexp" 650
"../../../Engine/Content/EngineMaterials/Widget3DPassThrough_Masked_OneSided.uasset" 651
"../../../Engine/Content/EngineMaterials/Widget3DPassThrough_Masked_OneSided.uexp" 652
"../../../Engine/Content/EngineMaterials/Widget3DPassThrough_Masked.uasset" 653
"../../../Engine/Content/EngineMaterials/Widget3DPassThrough_Masked.uexp" 654
"../../../Engine/Content/EngineMaterials/STBlueNoise_vec2_128x128x64.uasset" 655
"../../../Engine/Content/EngineMaterials/STBlueNoise_vec2_128x128x64.uexp" 656
"../../../Engine/Content/EngineMaterials/STBlueNoise_scalar_128x128x64.uasset" 657
"../../../Engine/Content/EngineMaterials/STBlueNoise_scalar_128x128x64.uexp" 658
"../../../Engine/Content/EngineMaterials/RemoveSurfaceMaterial.uasset" 659
"../../../Engine/Content/EngineMaterials/RemoveSurfaceMaterial.uexp" 660
"../../../Engine/Content/EngineMaterials/DefaultCalibrationGrayscale.uasset" 661
"../../../Engine/Content/EngineMaterials/DefaultCalibrationGrayscale.uexp" 662
"../../../Engine/Content/EngineMaterials/PPM_DefaultCalibrationGrayscale.uasset" 663
"../../../Engine/Content/EngineMaterials/PPM_DefaultCalibrationGrayscale.uexp" 664
"../../../Engine/Content/EngineMaterials/DefaultCalibrationColor.uasset" 665
"../../../Engine/Content/EngineMaterials/DefaultCalibrationColor.uexp" 666
"../../../Engine/Content/EngineMaterials/PPM_DefaultCalibrationColor.uasset" 667
"../../../Engine/Content/EngineMaterials/PPM_DefaultCalibrationColor.uexp" 668
"../../../Engine/Content/EngineMaterials/PhAT_JointLimitMaterial.uasset" 669
"../../../Engine/Content/EngineMaterials/PhAT_JointLimitMaterial.uexp" 670
"../../../Engine/Content/EngineMaterials/NaniteHiddenSectionMaterial.uasset" 671
"../../../Engine/Content/EngineMaterials/NaniteHiddenSectionMaterial.uexp" 672
"../../../Engine/Content/EngineMaterials/InvalidLightmapSettings.ubulk" 673
"../../../Engine/Content/EngineMaterials/InvalidLightmapSettings.uasset" 674
"../../../Engine/Content/EngineMaterials/InvalidLightmapSettings.uexp" 675
"../../../Engine/Content/EngineMaterials/M_InvalidLightmapSettings.uasset" 676
"../../../Engine/Content/EngineMaterials/M_InvalidLightmapSettings.uexp" 677
"../../../Engine/Content/EngineMaterials/GizmoMaterial.uasset" 678
"../../../Engine/Content/EngineMaterials/GizmoMaterial.uexp" 679
"../../../Engine/Content/EngineMaterials/BaseFlattenEmissiveMap_VT.uasset" 680
"../../../Engine/Content/EngineMaterials/BaseFlattenEmissiveMap_VT.uexp" 681
"../../../Engine/Content/EngineMaterials/BaseFlattenGrayscaleMap_VT.uasset" 682
"../../../Engine/Content/EngineMaterials/BaseFlattenGrayscaleMap_VT.uexp" 683
"../../../Engine/Content/EngineMaterials/BaseFlattenLinearColor_VT.uasset" 684
"../../../Engine/Content/EngineMaterials/BaseFlattenLinearColor_VT.uexp" 685
"../../../Engine/Content/EngineMaterials/Black_1x1_EXR_Texture_VT.uasset" 686
"../../../Engine/Content/EngineMaterials/Black_1x1_EXR_Texture_VT.uexp" 687
"../../../Engine/Content/EngineMaterials/BaseFlattenDiffuseMap_VT.uasset" 688
"../../../Engine/Content/EngineMaterials/BaseFlattenDiffuseMap_VT.uexp" 689
"../../../Engine/Content/EngineMaterials/BaseFlattenNormalMap_VT.uasset" 690
"../../../Engine/Content/EngineMaterials/BaseFlattenNormalMap_VT.uexp" 691
"../../../Engine/Content/EngineMaterials/FlattenMaterial_WS_Normal_VT.uasset" 692
"../../../Engine/Content/EngineMaterials/FlattenMaterial_WS_Normal_VT.uexp" 693
"../../../Engine/Content/EngineMaterials/FlattenMaterial_VT.uasset" 694
"../../../Engine/Content/EngineMaterials/FlattenMaterial_VT.uexp" 695
"../../../Engine/Content/EngineMaterials/BaseFlattenGrayscaleMap.uasset" 696
"../../../Engine/Content/EngineMaterials/BaseFlattenGrayscaleMap.uexp" 697
"../../../Engine/Content/EngineMaterials/BaseFlattenDiffuseMap.uasset" 698
"../../../Engine/Content/EngineMaterials/BaseFlattenDiffuseMap.uexp" 699
"../../../Engine/Content/Functions/Engine_MaterialFunctions02/PivotPainter2/Black_1x1_EXR_Texture.uasset" 700
"../../../Engine/Content/Functions/Engine_MaterialFunctions02/PivotPainter2/Black_1x1_EXR_Texture.uexp" 701
"../../../Engine/Content/EngineMaterials/BaseFlattenEmissiveMap.uasset" 702
"../../../Engine/Content/EngineMaterials/BaseFlattenEmissiveMap.uexp" 703
"../../../Engine/Content/EngineMaterials/BaseFlattenLinearColor.uasset" 704
"../../../Engine/Content/EngineMaterials/BaseFlattenLinearColor.uexp" 705
"../../../Engine/Content/EngineMaterials/FlattenMaterial.uasset" 706
"../../../Engine/Content/EngineMaterials/FlattenMaterial.uexp" 707
"../../../Engine/Content/EngineMaterials/DefaultWhiteGrid_Low.uasset" 708
"../../../Engine/Content/EngineMaterials/DefaultWhiteGrid_Low.uexp" 709
"../../../Engine/Content/EngineMaterials/EmissiveMeshMaterial.uasset" 710
"../../../Engine/Content/EngineMaterials/EmissiveMeshMaterial.uexp" 711
"../../../Engine/Content/EngineFonts/RobotoDistanceField.uasset" 712
"../../../Engine/Content/EngineFonts/RobotoDistanceField.uexp" 713
"../../../Engine/Content/EngineMaterials/DefaultTextMaterialOpaque.uasset" 714
"../../../Engine/Content/EngineMaterials/DefaultTextMaterialOpaque.uexp" 715
"../../../Engine/Content/EngineMaterials/DefaultDiffuse.ubulk" 716
"../../../Engine/Content/EngineMaterials/DefaultDiffuse.uasset" 717
"../../../Engine/Content/EngineMaterials/DefaultDiffuse.uexp" 718
"../../../Engine/Content/Functions/Engine_MaterialFunctions02/Utility/BreakOutFloat2Components.uasset" 719
"../../../Engine/Content/Functions/Engine_MaterialFunctions02/Utility/BreakOutFloat2Components.uexp" 720
"../../../Engine/Content/EngineMaterials/DefaultPostProcessMaterial.uasset" 721
"../../../Engine/Content/EngineMaterials/DefaultPostProcessMaterial.uexp" 722
"../../../Engine/Content/EngineMaterials/DefaultPhysicalMaterial.uasset" 723
"../../../Engine/Content/EngineMaterials/DefaultPhysicalMaterial.uexp" 724
"../../../Engine/Content/EngineMaterials/DefaultLightFunctionMaterial.uasset" 725
"../../../Engine/Content/EngineMaterials/DefaultLightFunctionMaterial.uexp" 726
"../../../Engine/Content/EngineMaterials/DefaultDestructiblePhysicalMaterial.uasset" 727
"../../../Engine/Content/EngineMaterials/DefaultDestructiblePhysicalMaterial.uexp" 728
"../../../Engine/Content/EngineMaterials/DefaultDeferredDecalMaterial.uasset" 729
"../../../Engine/Content/EngineMaterials/DefaultDeferredDecalMaterial.uexp" 730
"../../../Engine/Content/EngineMaterials/DefaultBloomKernel.uasset" 731
"../../../Engine/Content/EngineMaterials/DefaultBloomKernel.uexp" 732
"../../../Engine/Content/EngineFonts/Faces/RobotoLight.uexp" 733
"../../../Engine/Content/EngineFonts/Faces/RobotoLight.uasset" 734
"../../../Engine/Content/EngineFonts/Faces/RobotoLight.ufont" 735
"../../../Engine/Content/EngineFonts/Faces/RobotoBold.uexp" 736
"../../../Engine/Content/EngineFonts/Faces/RobotoBold.uasset" 737
"../../../Engine/Content/EngineFonts/Faces/RobotoBold.ufont" 738
"../../../Engine/Content/EngineFonts/Faces/RobotoRegular.uexp" 739
"../../../Engine/Content/EngineFonts/Faces/RobotoRegular.uasset" 740
"../../../Engine/Content/EngineFonts/Faces/RobotoRegular.ufont" 741
"../../../Engine/Content/EngineFonts/Faces/DroidSansFallback.uexp" 742
"../../../Engine/Content/EngineFonts/Faces/DroidSansFallback.uasset" 743
"../../../Engine/Content/EngineFonts/Faces/DroidSansFallback.ufont" 744
"../../../Engine/Content/EngineFonts/Faces/RobotoItalic.uexp" 745
"../../../Engine/Content/EngineFonts/Faces/RobotoItalic.uasset" 746
"../../../Engine/Content/EngineFonts/Faces/RobotoItalic.ufont" 747
"../../../Engine/Content/EngineFonts/Faces/RobotoBoldItalic.uexp" 748
"../../../Engine/Content/EngineFonts/Faces/RobotoBoldItalic.uasset" 749
"../../../Engine/Content/EngineFonts/Faces/RobotoBoldItalic.ufont" 750
"../../../Engine/Content/EngineFonts/Roboto.uasset" 751
"../../../Engine/Content/EngineFonts/Roboto.uexp" 752
"../../../Engine/Content/EngineDebugMaterials/VolumeToRender.uasset" 753
"../../../Engine/Content/EngineDebugMaterials/VolumeToRender.uexp" 754
"../../../Engine/Content/EngineDebugMaterials/M_VolumeRenderSphereTracePP.uasset" 755
"../../../Engine/Content/EngineDebugMaterials/M_VolumeRenderSphereTracePP.uexp" 756
"../../../Engine/Content/EngineDebugMaterials/M_SimpleUnlitTranslucent.uasset" 757
"../../../Engine/Content/EngineDebugMaterials/M_SimpleUnlitTranslucent.uexp" 758
"../../../Engine/Content/EngineDebugMaterials/DebugMeshMaterial.uasset" 759
"../../../Engine/Content/EngineDebugMaterials/DebugMeshMaterial.uexp" 760
"../../../Engine/Content/EngineDebugMaterials/DebugEditorMaterial.uasset" 761
"../../../Engine/Content/EngineDebugMaterials/DebugEditorMaterial.uexp" 762
"../../../Engine/Content/EngineDamageTypes/DmgTypeBP_Environmental.uasset" 763
"../../../Engine/Content/EngineDamageTypes/DmgTypeBP_Environmental.uexp" 764
"../../../Engine/Content/EditorResources/S_Terrain.ubulk" 765
"../../../Engine/Content/EditorResources/S_Terrain.uasset" 766
"../../../Engine/Content/EditorResources/S_Terrain.uexp" 767
"../../../Engine/Content/EditorResources/EmptyActor.uasset" 768
"../../../Engine/Content/EditorResources/EmptyActor.uexp" 769
"../../../Engine/Content/EditorResources/BSPVertex.uasset" 770
"../../../Engine/Content/EditorResources/BSPVertex.uexp" 771
"../../../Engine/Content/EditorMaterials/PreviewShadowIndicator.ubulk" 772
"../../../Engine/Content/EditorMaterials/PreviewShadowIndicator.uasset" 773
"../../../Engine/Content/EditorMaterials/PreviewShadowIndicator.uexp" 774
"../../../Engine/Content/EditorMaterials/PreviewShadowIndicatorMaterial.uasset" 775
"../../../Engine/Content/EditorMaterials/PreviewShadowIndicatorMaterial.uexp" 776
"../../../Engine/Content/EditorMaterials/PhAT_UnselectedMaterial.uasset" 777
"../../../Engine/Content/EditorMaterials/PhAT_UnselectedMaterial.uexp" 778
"../../../Engine/Content/EditorMaterials/PhAT_NoCollisionMaterial.uasset" 779
"../../../Engine/Content/EditorMaterials/PhAT_NoCollisionMaterial.uexp" 780
"../../../Engine/Content/EditorLandscapeResources/DefaultAlphaTexture.uasset" 781
"../../../Engine/Content/EditorLandscapeResources/DefaultAlphaTexture.uexp" 782
"../../../Engine/Content/EditorLandscapeResources/DataLayer.uasset" 783
"../../../Engine/Content/EditorLandscapeResources/DataLayer.uexp" 784
"../../../Engine/Content/BasicShapes/Sphere.ubulk" 785
"../../../Engine/Content/BasicShapes/Sphere.uasset" 786
"../../../Engine/Content/BasicShapes/Sphere.uexp" 787
"../../../Engine/Content/BasicShapes/Plane.ubulk" 788
"../../../Engine/Content/BasicShapes/Plane.uasset" 789
"../../../Engine/Content/BasicShapes/Plane.uexp" 790
"../../../Engine/Content/BasicShapes/Cylinder.ubulk" 791
"../../../Engine/Content/BasicShapes/Cylinder.uasset" 792
"../../../Engine/Content/BasicShapes/Cylinder.uexp" 793
"../../../Engine/Content/BasicShapes/Cube.ubulk" 794
"../../../Engine/Content/BasicShapes/Cube.uasset" 795
"../../../Engine/Content/BasicShapes/Cube.uexp" 796
"../../../Engine/Content/BasicShapes/Cone.ubulk" 797
"../../../Engine/Content/BasicShapes/Cone.uasset" 798
"../../../Engine/Content/BasicShapes/Cone.uexp" 799
"../../../Engine/Content/BasicShapes/BasicShapeMaterial.uasset" 800
"../../../Engine/Content/BasicShapes/BasicShapeMaterial.uexp" 801
"../../../Engine/Content/Animation/DefaultRecorderBoneCompression.uasset" 802
"../../../Engine/Content/Animation/DefaultRecorderBoneCompression.uexp" 803
"C:/UnrealProjects/VRTeamProject/Content/Asset/Weapon/Texture_1.ubulk" 804
"C:/UnrealProjects/VRTeamProject/Content/Asset/Weapon/Texture_1.uasset" 805
"C:/UnrealProjects/VRTeamProject/Content/Asset/Weapon/Texture_1.uexp" 806
"C:/UnrealProjects/VRTeamProject/Content/Actor/Item/Material.uasset" 807
"C:/UnrealProjects/VRTeamProject/Content/Actor/Item/Material.uexp" 808
"C:/UnrealProjects/VRTeamProject/Content/Asset/Weapon/rifle_001_Skeleton.uasset" 809
"C:/UnrealProjects/VRTeamProject/Content/Asset/Weapon/rifle_001_Skeleton.uexp" 810
"C:/UnrealProjects/VRTeamProject/Content/Asset/Weapon/rifle_001_PhysicsAsset.uasset" 811
"C:/UnrealProjects/VRTeamProject/Content/Asset/Weapon/rifle_001_PhysicsAsset.uexp" 812
"C:/UnrealProjects/VRTeamProject/Content/Asset/Weapon/rifle_001.uasset" 813
"C:/UnrealProjects/VRTeamProject/Content/Asset/Weapon/rifle_001.uexp" 814
"../../../Engine/Content/VREditor/TransformGizmo/SM_Sequencer_Key.ubulk" 815
"../../../Engine/Content/VREditor/TransformGizmo/SM_Sequencer_Key.uasset" 816
"../../../Engine/Content/VREditor/TransformGizmo/SM_Sequencer_Key.uexp" 817
"C:/UnrealProjects/VRTeamProject/Content/Character/PlayerWeapon/BP_PlayerWeapon.uasset" 818
"C:/UnrealProjects/VRTeamProject/Content/Character/PlayerWeapon/BP_PlayerWeapon.uexp" 819
"C:/UnrealProjects/VRTeamProject/Content/Asset/EnemyAsset/palette.uasset" 820
"C:/UnrealProjects/VRTeamProject/Content/Asset/EnemyAsset/palette.uexp" 821
"C:/UnrealProjects/VRTeamProject/Content/Asset/EnemyAsset/Zombie_Skeleton.uasset" 822
"C:/UnrealProjects/VRTeamProject/Content/Asset/EnemyAsset/Zombie_Skeleton.uexp" 823
"C:/UnrealProjects/VRTeamProject/Content/Asset/EnemyAsset/Zombie_PhysicsAsset.uasset" 824
"C:/UnrealProjects/VRTeamProject/Content/Asset/EnemyAsset/Zombie_PhysicsAsset.uexp" 825
"C:/UnrealProjects/VRTeamProject/Content/Asset/EnemyAsset/Zombie.uasset" 826
"C:/UnrealProjects/VRTeamProject/Content/Asset/EnemyAsset/Zombie.uexp" 827
"C:/UnrealProjects/VRTeamProject/Content/Asset/Buildings/Road.ubulk" 828
"C:/UnrealProjects/VRTeamProject/Content/Asset/Buildings/Road.uasset" 829
"C:/UnrealProjects/VRTeamProject/Content/Asset/Buildings/Road.uexp" 830
"C:/UnrealProjects/VRTeamProject/Content/Asset/Buildings/Mat_Road.uasset" 831
"C:/UnrealProjects/VRTeamProject/Content/Asset/Buildings/Mat_Road.uexp" 832
"C:/UnrealProjects/VRTeamProject/Content/Asset/Buildings/light-square-double.ubulk" 833
"C:/UnrealProjects/VRTeamProject/Content/Asset/Buildings/light-square-double.uasset" 834
"C:/UnrealProjects/VRTeamProject/Content/Asset/Buildings/light-square-double.uexp" 835
"C:/UnrealProjects/VRTeamProject/Content/Asset/Buildings/construction-cone.ubulk" 836
"C:/UnrealProjects/VRTeamProject/Content/Asset/Buildings/construction-cone.uasset" 837
"C:/UnrealProjects/VRTeamProject/Content/Asset/Buildings/construction-cone.uexp" 838
"../../../Engine/Content/MapTemplates/Materials/BasicAsset01.uasset" 839
"../../../Engine/Content/MapTemplates/Materials/BasicAsset01.uexp" 840
"C:/UnrealProjects/VRTeamProject/Content/Asset/ItemBox_V2/Boxwingv2-2.ubulk" 841
"C:/UnrealProjects/VRTeamProject/Content/Asset/ItemBox_V2/Boxwingv2-2.uasset" 842
"C:/UnrealProjects/VRTeamProject/Content/Asset/ItemBox_V2/Boxwingv2-2.uexp" 843
"C:/UnrealProjects/VRTeamProject/Content/Asset/ItemBox_V2/Boxwingv2_Material_002.uasset" 844
"C:/UnrealProjects/VRTeamProject/Content/Asset/ItemBox_V2/Boxwingv2_Material_002.uexp" 845
"C:/UnrealProjects/VRTeamProject/Content/Asset/ItemBox_V2/Boxwingv2-1.ubulk" 846
"C:/UnrealProjects/VRTeamProject/Content/Asset/ItemBox_V2/Boxwingv2-1.uasset" 847
"C:/UnrealProjects/VRTeamProject/Content/Asset/ItemBox_V2/Boxwingv2-1.uexp" 848
"C:/UnrealProjects/VRTeamProject/Content/Asset/ItemBox_V2/Boxv2-2.ubulk" 849
"C:/UnrealProjects/VRTeamProject/Content/Asset/ItemBox_V2/Boxv2-2.uasset" 850
"C:/UnrealProjects/VRTeamProject/Content/Asset/ItemBox_V2/Boxv2-2.uexp" 851
"C:/UnrealProjects/VRTeamProject/Content/Asset/ItemBox_V2/Box_Material_003.uasset" 852
"C:/UnrealProjects/VRTeamProject/Content/Asset/ItemBox_V2/Box_Material_003.uexp" 853
"C:/UnrealProjects/VRTeamProject/Content/Asset/ItemBox_V2/Boxtopv2-2.uasset" 854
"C:/UnrealProjects/VRTeamProject/Content/Asset/ItemBox_V2/Boxtopv2-2.uexp" 855
"C:/UnrealProjects/VRTeamProject/Content/Asset/ItemBox_V2/Boxtopv2_Material.uasset" 856
"C:/UnrealProjects/VRTeamProject/Content/Asset/ItemBox_V2/Boxtopv2_Material.uexp" 857
"C:/UnrealProjects/VRTeamProject/Content/Asset/ItemBox_V2/Boxtopv2-1.ubulk" 858
"C:/UnrealProjects/VRTeamProject/Content/Asset/ItemBox_V2/Boxtopv2-1.uasset" 859
"C:/UnrealProjects/VRTeamProject/Content/Asset/ItemBox_V2/Boxtopv2-1.uexp" 860
"C:/UnrealProjects/VRTeamProject/Content/Asset/ItemBox_V2/Boxv2-1.ubulk" 861
"C:/UnrealProjects/VRTeamProject/Content/Asset/ItemBox_V2/Boxv2-1.uasset" 862
"C:/UnrealProjects/VRTeamProject/Content/Asset/ItemBox_V2/Boxv2-1.uexp" 863
"C:/UnrealProjects/VRTeamProject/Content/Actor/Item/MyGameItem.uasset" 864
"C:/UnrealProjects/VRTeamProject/Content/Actor/Item/MyGameItem.uexp" 865
"../../../Engine/Content/Functions/Engine_MaterialFunctions02/Math/AddComponents.uasset" 866
"../../../Engine/Content/Functions/Engine_MaterialFunctions02/Math/AddComponents.uexp" 867
"../../../Engine/Content/Functions/Engine_MaterialFunctions01/Texturing/FlattenNormal.uasset" 868
"../../../Engine/Content/Functions/Engine_MaterialFunctions01/Texturing/FlattenNormal.uexp" 869
"../../../Engine/Content/MapTemplates/Materials/BasicAsset03.uasset" 870
"../../../Engine/Content/MapTemplates/Materials/BasicAsset03.uexp" 871
"../../../Engine/Content/EngineSky/VolumetricClouds/CloudWeatherTexture.uasset" 872
"../../../Engine/Content/EngineSky/VolumetricClouds/CloudWeatherTexture.uexp" 873
"../../../Engine/Content/Functions/Engine_MaterialFunctions02/Utility/MakeFloat2.uasset" 874
"../../../Engine/Content/Functions/Engine_MaterialFunctions02/Utility/MakeFloat2.uexp" 875
"../../../Engine/Content/EngineSky/VolumetricClouds/CloudGradientTexture.uasset" 876
"../../../Engine/Content/EngineSky/VolumetricClouds/CloudGradientTexture.uexp" 877
"../../../Engine/Content/EngineSky/VolumetricClouds/T_NoiseShape64.ubulk" 878
"../../../Engine/Content/EngineSky/VolumetricClouds/T_NoiseShape64.uasset" 879
"../../../Engine/Content/EngineSky/VolumetricClouds/T_NoiseShape64.uexp" 880
"../../../Engine/Content/EngineSky/VolumetricClouds/T_VolumeNoiseShape64.uasset" 881
"../../../Engine/Content/EngineSky/VolumetricClouds/T_VolumeNoiseShape64.uexp" 882
"../../../Engine/Content/EngineSky/VolumetricClouds/T_NoiseErosion.ubulk" 883
"../../../Engine/Content/EngineSky/VolumetricClouds/T_NoiseErosion.uasset" 884
"../../../Engine/Content/EngineSky/VolumetricClouds/T_NoiseErosion.uexp" 885
"../../../Engine/Content/EngineSky/VolumetricClouds/T_VolumeNoiseErosion32.uasset" 886
"../../../Engine/Content/EngineSky/VolumetricClouds/T_VolumeNoiseErosion32.uexp" 887
"../../../Engine/Content/EngineSky/VolumetricClouds/m_SimpleVolumetricCloud.uasset" 888
"../../../Engine/Content/EngineSky/VolumetricClouds/m_SimpleVolumetricCloud.uexp" 889
"../../../Engine/Content/EngineSky/VolumetricClouds/m_SimpleVolumetricCloud_Inst.uasset" 890
"../../../Engine/Content/EngineSky/VolumetricClouds/m_SimpleVolumetricCloud_Inst.uexp" 891
"../../../Engine/Content/EngineResources/FilmGrains/Marcie_Grain_v3_128_M2_000.uasset" 892
"../../../Engine/Content/EngineResources/FilmGrains/Marcie_Grain_v3_128_M2_000.uexp" 893
"../../../Engine/Content/EditorResources/SequenceRecorder/RecordingIndicator.uasset" 894
"../../../Engine/Content/EditorResources/SequenceRecorder/RecordingIndicator.uexp" 895
"../../../Engine/Content/EditorResources/SequenceRecorder/Countdown.uasset" 896
"../../../Engine/Content/EditorResources/SequenceRecorder/Countdown.uexp" 897
"../../../Engine/Content/EditorMaterials/Dataflow/DataflowVertexMaterial.uasset" 898
"../../../Engine/Content/EditorMaterials/Dataflow/DataflowVertexMaterial.uexp" 899
"C:/UnrealProjects/VRTeamProject/Content/UMG/MapUI/Texture/Btn_KyoungGi.ubulk" 900
"C:/UnrealProjects/VRTeamProject/Content/UMG/MapUI/Texture/Btn_KyoungGi.uasset" 901
"C:/UnrealProjects/VRTeamProject/Content/UMG/MapUI/Texture/Btn_KyoungGi.uexp" 902
"C:/UnrealProjects/VRTeamProject/Content/UMG/MapUI/WBP_StageInfoWidget.uasset" 903
"C:/UnrealProjects/VRTeamProject/Content/UMG/MapUI/WBP_StageInfoWidget.uexp" 904
"C:/UnrealProjects/VRTeamProject/Content/UMG/MapUI/Texture/Map_sizeup.ubulk" 905
"C:/UnrealProjects/VRTeamProject/Content/UMG/MapUI/Texture/Map_sizeup.uasset" 906
"C:/UnrealProjects/VRTeamProject/Content/UMG/MapUI/Texture/Map_sizeup.uexp" 907
"C:/UnrealProjects/VRTeamProject/Content/UMG/MapUI/WBP_MapSelectWidget.uasset" 908
"C:/UnrealProjects/VRTeamProject/Content/UMG/MapUI/WBP_MapSelectWidget.uexp" 909
"C:/UnrealProjects/VRTeamProject/Content/Map/System/Input/IA_Move.uasset" 910
"C:/UnrealProjects/VRTeamProject/Content/Map/System/Input/IA_Move.uexp" 911
"C:/UnrealProjects/VRTeamProject/Content/Map/System/Input/IA_PlayerStat.uasset" 912
"C:/UnrealProjects/VRTeamProject/Content/Map/System/Input/IA_PlayerStat.uexp" 913
"C:/UnrealProjects/VRTeamProject/Content/Map/System/Input/IA_ToggleMap.uasset" 914
"C:/UnrealProjects/VRTeamProject/Content/Map/System/Input/IA_ToggleMap.uexp" 915
"C:/UnrealProjects/VRTeamProject/Content/Map/System/Input/IA_Click.uasset" 916
"C:/UnrealProjects/VRTeamProject/Content/Map/System/Input/IA_Click.uexp" 917
"C:/UnrealProjects/VRTeamProject/Content/Map/System/Input/IA_Look.uasset" 918
"C:/UnrealProjects/VRTeamProject/Content/Map/System/Input/IA_Look.uexp" 919
"C:/UnrealProjects/VRTeamProject/Content/Map/System/Input/IA_Attack.uasset" 920
"C:/UnrealProjects/VRTeamProject/Content/Map/System/Input/IA_Attack.uexp" 921
"C:/UnrealProjects/VRTeamProject/Content/Map/System/Input/IMC_InputMappingContext.uasset" 922
"C:/UnrealProjects/VRTeamProject/Content/Map/System/Input/IMC_InputMappingContext.uexp" 923
"C:/UnrealProjects/VRTeamProject/Content/Asset/EnemyAsset/Animation/Zombie_Attack.uasset" 924
"C:/UnrealProjects/VRTeamProject/Content/Asset/EnemyAsset/Animation/Zombie_Attack.uexp" 925
"../../../Engine/Content/Functions/Engine_MaterialFunctions01/Shading/PowerToRoughness.uasset" 926
"../../../Engine/Content/Functions/Engine_MaterialFunctions01/Shading/PowerToRoughness.uexp" 927
"../../../Engine/Content/Functions/Engine_MaterialFunctions01/Shading/ConvertFromDiffSpec.uasset" 928
"../../../Engine/Content/Functions/Engine_MaterialFunctions01/Shading/ConvertFromDiffSpec.uexp" 929
"../../../Engine/Content/EngineMaterials/Substrate/Volume/SubstrateSimpleVolumeLUT3D.uasset" 930
"../../../Engine/Content/EngineMaterials/Substrate/Volume/SubstrateSimpleVolumeLUT3D.uexp" 931
"../../../Engine/Content/EngineMaterials/Substrate/Volume/SubstrateSimpleVolumeEnvLUT3D.uasset" 932
"../../../Engine/Content/EngineMaterials/Substrate/Volume/SubstrateSimpleVolumeEnvLUT3D.uexp" 933
"../../../Engine/Content/EngineMaterials/Substrate/GLints2/AGlintTex2dArray2.uasset" 934
"../../../Engine/Content/EngineMaterials/Substrate/GLints2/AGlintTex2dArray2.uexp" 935
"../../../Engine/Content/EngineMaterials/Substrate/GLints/AGlintTex2dArray.uasset" 936
"../../../Engine/Content/EngineMaterials/Substrate/GLints/AGlintTex2dArray.uexp" 937
"../../../Engine/Content/EngineMaterials/BlendFunc_DefBlend.uasset" 938
"../../../Engine/Content/EngineMaterials/BlendFunc_DefBlend.uexp" 939
"../../../Engine/Content/OpenWorldTemplate/LandscapeMaterial/T_GridChecker_A.ubulk" 940
"../../../Engine/Content/OpenWorldTemplate/LandscapeMaterial/T_GridChecker_A.uasset" 941
"../../../Engine/Content/OpenWorldTemplate/LandscapeMaterial/T_GridChecker_A.uexp" 942
"../../../Engine/Content/EngineMaterials/BlendFunc_DefBase.uasset" 943
"../../../Engine/Content/EngineMaterials/BlendFunc_DefBase.uexp" 944
"../../../Engine/Content/Functions/Engine_MaterialFunctions03/Blends/Blend_Overlay.uasset" 945
"../../../Engine/Content/Functions/Engine_MaterialFunctions03/Blends/Blend_Overlay.uexp" 946
"../../../Engine/Content/Functions/Engine_MaterialFunctions01/Gradient/LinearGradient.uasset" 947
"../../../Engine/Content/Functions/Engine_MaterialFunctions01/Gradient/LinearGradient.uexp" 948
"../../../Engine/Content/Functions/Engine_MaterialFunctions01/ImageAdjustment/CheapContrast.uasset" 949
"../../../Engine/Content/Functions/Engine_MaterialFunctions01/ImageAdjustment/CheapContrast.uexp" 950
"../../../Engine/Content/OpenWorldTemplate/LandscapeMaterial/MF_ProcGrid.uasset" 951
"../../../Engine/Content/OpenWorldTemplate/LandscapeMaterial/MF_ProcGrid.uexp" 952
"../../../Engine/Content/OpenWorldTemplate/LandscapeMaterial/M_ProcGrid.uasset" 953
"../../../Engine/Content/OpenWorldTemplate/LandscapeMaterial/M_ProcGrid.uexp" 954
"../../../Engine/Content/OpenWorldTemplate/LandscapeMaterial/MI_ProcGrid.uasset" 955
"../../../Engine/Content/OpenWorldTemplate/LandscapeMaterial/MI_ProcGrid.uexp" 956
"C:/UnrealProjects/VRTeamProject/Content/Asset/Flight/Flight1.uasset" 957
"C:/UnrealProjects/VRTeamProject/Content/Asset/Flight/Flight1.uexp" 958
"C:/UnrealProjects/VRTeamProject/Content/Asset/Flight/Flight_Material_005.uasset" 959
"C:/UnrealProjects/VRTeamProject/Content/Asset/Flight/Flight_Material_005.uexp" 960
"C:/UnrealProjects/VRTeamProject/Content/Asset/Flight/Flight.ubulk" 961
"C:/UnrealProjects/VRTeamProject/Content/Asset/Flight/Flight.uasset" 962
"C:/UnrealProjects/VRTeamProject/Content/Asset/Flight/Flight.uexp" 963
"C:/UnrealProjects/VRTeamProject/Content/Actor/Item/BP_ItemSpawnActor.uasset" 964
"C:/UnrealProjects/VRTeamProject/Content/Actor/Item/BP_ItemSpawnActor.uexp" 965
"../../../Engine/Content/EditorShapes/Textures/T_ShapeDiffuse.ubulk" 966
"../../../Engine/Content/EditorShapes/Textures/T_ShapeDiffuse.uasset" 967
"../../../Engine/Content/EditorShapes/Textures/T_ShapeDiffuse.uexp" 968
"../../../Engine/Content/EditorShapes/Textures/T_ShapeNormal.ubulk" 969
"../../../Engine/Content/EditorShapes/Textures/T_ShapeNormal.uasset" 970
"../../../Engine/Content/EditorShapes/Textures/T_ShapeNormal.uexp" 971
"../../../Engine/Content/EditorShapes/Materials/M_ShapeMaster.uasset" 972
"../../../Engine/Content/EditorShapes/Materials/M_ShapeMaster.uexp" 973
"../../../Engine/Content/EditorShapes/Materials/MI_ShapeInstance.uasset" 974
"../../../Engine/Content/EditorShapes/Materials/MI_ShapeInstance.uexp" 975
"../../../Engine/Content/EngineSky/T_Sky_Stars.ubulk" 976
"../../../Engine/Content/EngineSky/T_Sky_Stars.uasset" 977
"../../../Engine/Content/EngineSky/T_Sky_Stars.uexp" 978
"../../../Engine/Content/EngineSky/T_Sky_Clouds_M.ubulk" 979
"../../../Engine/Content/EngineSky/T_Sky_Clouds_M.uasset" 980
"../../../Engine/Content/EngineSky/T_Sky_Clouds_M.uexp" 981
"../../../Engine/Content/EngineSky/T_Sky_Blue.ubulk" 982
"../../../Engine/Content/EngineSky/T_Sky_Blue.uasset" 983
"../../../Engine/Content/EngineSky/T_Sky_Blue.uexp" 984
"../../../Engine/Content/EngineSky/M_Sky_Panning_Clouds2.uasset" 985
"../../../Engine/Content/EngineSky/M_Sky_Panning_Clouds2.uexp" 986
"../../../Engine/Content/EngineSky/SM_SkySphere.ubulk" 987
"../../../Engine/Content/EngineSky/SM_SkySphere.uasset" 988
"../../../Engine/Content/EngineSky/SM_SkySphere.uexp" 989
"../../../Engine/Content/MapTemplates/SM_Template_Map_Floor.ubulk" 990
"../../../Engine/Content/MapTemplates/SM_Template_Map_Floor.uasset" 991
"../../../Engine/Content/MapTemplates/SM_Template_Map_Floor.uexp" 992
"C:/UnrealProjects/VRTeamProject/Content/Character/Enemy/BP_EnemySpawner.uasset" 993
"C:/UnrealProjects/VRTeamProject/Content/Character/Enemy/BP_EnemySpawner.uexp" 994
"C:/UnrealProjects/VRTeamProject/Content/UMG/Texture/Backgraound.uasset" 995
"C:/UnrealProjects/VRTeamProject/Content/UMG/Texture/Backgraound.uexp" 996
"C:/UnrealProjects/VRTeamProject/Content/UMG/Texture/Btn_Exit/Exit_Pressed.uasset" 997
"C:/UnrealProjects/VRTeamProject/Content/UMG/Texture/Btn_Exit/Exit_Pressed.uexp" 998
"C:/UnrealProjects/VRTeamProject/Content/UMG/Texture/Btn_Option/Option_Disable.uasset" 999
"C:/UnrealProjects/VRTeamProject/Content/UMG/Texture/Btn_Option/Option_Disable.uexp" 1000
"C:/UnrealProjects/VRTeamProject/Content/UMG/Texture/Btn_Option/Option_Hover.uasset" 1001
"C:/UnrealProjects/VRTeamProject/Content/UMG/Texture/Btn_Option/Option_Hover.uexp" 1002
"C:/UnrealProjects/VRTeamProject/Content/UMG/Texture/Btn_Option/Option_Normal.uasset" 1003
"C:/UnrealProjects/VRTeamProject/Content/UMG/Texture/Btn_Option/Option_Normal.uexp" 1004
"C:/UnrealProjects/VRTeamProject/Content/UMG/Texture/Btn_Exit/Exit_Disable.uasset" 1005
"C:/UnrealProjects/VRTeamProject/Content/UMG/Texture/Btn_Exit/Exit_Disable.uexp" 1006
"C:/UnrealProjects/VRTeamProject/Content/UMG/Texture/Btn_Option/Option_Pressed.uasset" 1007
"C:/UnrealProjects/VRTeamProject/Content/UMG/Texture/Btn_Option/Option_Pressed.uexp" 1008
"C:/UnrealProjects/VRTeamProject/Content/UMG/Texture/Btn_Exit/Exit_Hover.uasset" 1009
"C:/UnrealProjects/VRTeamProject/Content/UMG/Texture/Btn_Exit/Exit_Hover.uexp" 1010
"C:/UnrealProjects/VRTeamProject/Content/UMG/Texture/Btn_Exit/Exit_Normal.uasset" 1011
"C:/UnrealProjects/VRTeamProject/Content/UMG/Texture/Btn_Exit/Exit_Normal.uexp" 1012
"C:/UnrealProjects/VRTeamProject/Content/UMG/WBP_MenuBar.uasset" 1013
"C:/UnrealProjects/VRTeamProject/Content/UMG/WBP_MenuBar.uexp" 1014
"C:/UnrealProjects/VRTeamProject/Content/UMG/WBP_PlayerStateWidget.uasset" 1015
"C:/UnrealProjects/VRTeamProject/Content/UMG/WBP_PlayerStateWidget.uexp" 1016
"../../../Engine/Content/EngineMeshes/Cylinder.ubulk" 1017
"../../../Engine/Content/EngineMeshes/Cylinder.uasset" 1018
"../../../Engine/Content/EngineMeshes/Cylinder.uexp" 1019
"C:/UnrealProjects/VRTeamProject/Content/Asset/Player/T_Player.ubulk" 1020
"C:/UnrealProjects/VRTeamProject/Content/Asset/Player/T_Player.uasset" 1021
"C:/UnrealProjects/VRTeamProject/Content/Asset/Player/T_Player.uexp" 1022
"C:/UnrealProjects/VRTeamProject/Content/Asset/Player/Mat_Player.uasset" 1023
"C:/UnrealProjects/VRTeamProject/Content/Asset/Player/Mat_Player.uexp" 1024
"C:/UnrealProjects/VRTeamProject/Content/Asset/Player/SK_Player.uasset" 1025
"C:/UnrealProjects/VRTeamProject/Content/Asset/Player/SK_Player.uexp" 1026
"C:/UnrealProjects/VRTeamProject/Content/Asset/Player/SKM_Player.uasset" 1027
"C:/UnrealProjects/VRTeamProject/Content/Asset/Player/SKM_Player.uexp" 1028
"../../../Engine/Content/VREditor/LaserPointer/LaserPointerMaterial.uasset" 1029
"../../../Engine/Content/VREditor/LaserPointer/LaserPointerMaterial.uexp" 1030
"C:/UnrealProjects/VRTeamProject/Content/Character/BP_PlayerCharacter.uasset" 1031
"C:/UnrealProjects/VRTeamProject/Content/Character/BP_PlayerCharacter.uexp" 1032
"C:/UnrealProjects/VRTeamProject/Content/Map/System/GameMode/GM_VRProjectGameModeBase.uasset" 1033
"C:/UnrealProjects/VRTeamProject/Content/Map/System/GameMode/GM_VRProjectGameModeBase.uexp" 1034
"../../../Engine/Content/EngineSky/M_SimpleSkyDome.uasset" 1035
"../../../Engine/Content/EngineSky/M_SimpleSkyDome.uexp" 1036
"C:/UnrealProjects/VRTeamProject/Content/Map/M_Lobby.uexp" 1037
"C:/UnrealProjects/VRTeamProject/Content/Map/M_Lobby.umap" 1038
"C:/UnrealProjects/VRTeamProject/Content/Map/FirstMap.uexp" 1039
"C:/UnrealProjects/VRTeamProject/Content/Map/FirstMap.umap" 1040
"C:/UnrealProjects/VRTeamProject/Content/Asset/Cars/colormap_ncl1_1.ubulk" 1041
"C:/UnrealProjects/VRTeamProject/Content/Asset/Cars/colormap_ncl1_1.uasset" 1042
"C:/UnrealProjects/VRTeamProject/Content/Asset/Cars/colormap_ncl1_1.uexp" 1043
"C:/UnrealProjects/VRTeamProject/Content/Asset/Cars/colormap.uasset" 1044
"C:/UnrealProjects/VRTeamProject/Content/Asset/Cars/colormap.uexp" 1045
"C:/UnrealProjects/VRTeamProject/Content/Asset/Cars/sedan.ubulk" 1046
"C:/UnrealProjects/VRTeamProject/Content/Asset/Cars/sedan.uasset" 1047
"C:/UnrealProjects/VRTeamProject/Content/Asset/Cars/sedan.uexp" 1048
"C:/UnrealProjects/VRTeamProject/Content/Asset/Buildings/low-detail-building-l.ubulk" 1049
"C:/UnrealProjects/VRTeamProject/Content/Asset/Buildings/low-detail-building-l.uasset" 1050
"C:/UnrealProjects/VRTeamProject/Content/Asset/Buildings/low-detail-building-l.uexp" 1051
"C:/UnrealProjects/VRTeamProject/Content/Asset/Buildings/sign-highway.ubulk" 1052
"C:/UnrealProjects/VRTeamProject/Content/Asset/Buildings/sign-highway.uasset" 1053
"C:/UnrealProjects/VRTeamProject/Content/Asset/Buildings/sign-highway.uexp" 1054
"C:/UnrealProjects/VRTeamProject/Content/Asset/Cars/truck-flat.ubulk" 1055
"C:/UnrealProjects/VRTeamProject/Content/Asset/Cars/truck-flat.uasset" 1056
"C:/UnrealProjects/VRTeamProject/Content/Asset/Cars/truck-flat.uexp" 1057
"C:/UnrealProjects/VRTeamProject/Content/Asset/Buildings/low-detail-building-wide-a.ubulk" 1058
"C:/UnrealProjects/VRTeamProject/Content/Asset/Buildings/low-detail-building-wide-a.uasset" 1059
"C:/UnrealProjects/VRTeamProject/Content/Asset/Buildings/low-detail-building-wide-a.uexp" 1060
"C:/UnrealProjects/VRTeamProject/Content/Asset/Buildings/light-square.ubulk" 1061
"C:/UnrealProjects/VRTeamProject/Content/Asset/Buildings/light-square.uasset" 1062
"C:/UnrealProjects/VRTeamProject/Content/Asset/Buildings/light-square.uexp" 1063
"C:/UnrealProjects/VRTeamProject/Content/Asset/Cars/van.ubulk" 1064
"C:/UnrealProjects/VRTeamProject/Content/Asset/Cars/van.uasset" 1065
"C:/UnrealProjects/VRTeamProject/Content/Asset/Cars/van.uexp" 1066
"C:/UnrealProjects/VRTeamProject/Content/Asset/Buildings/road-straight.ubulk" 1067
"C:/UnrealProjects/VRTeamProject/Content/Asset/Buildings/road-straight.uasset" 1068
"C:/UnrealProjects/VRTeamProject/Content/Asset/Buildings/road-straight.uexp" 1069
"C:/UnrealProjects/VRTeamProject/Content/Asset/Cars/ambulance.ubulk" 1070
"C:/UnrealProjects/VRTeamProject/Content/Asset/Cars/ambulance.uasset" 1071
"C:/UnrealProjects/VRTeamProject/Content/Asset/Cars/ambulance.uexp" 1072
"C:/UnrealProjects/VRTeamProject/Content/Asset/Cars/delivery.ubulk" 1073
"C:/UnrealProjects/VRTeamProject/Content/Asset/Cars/delivery.uasset" 1074
"C:/UnrealProjects/VRTeamProject/Content/Asset/Cars/delivery.uexp" 1075
"C:/UnrealProjects/VRTeamProject/Content/Asset/Cars/firetruck.ubulk" 1076
"C:/UnrealProjects/VRTeamProject/Content/Asset/Cars/firetruck.uasset" 1077
"C:/UnrealProjects/VRTeamProject/Content/Asset/Cars/firetruck.uexp" 1078
"C:/UnrealProjects/VRTeamProject/Content/Asset/Buildings/construction-barrier.ubulk" 1079
"C:/UnrealProjects/VRTeamProject/Content/Asset/Buildings/construction-barrier.uasset" 1080
"C:/UnrealProjects/VRTeamProject/Content/Asset/Buildings/construction-barrier.uexp" 1081
"C:/UnrealProjects/VRTeamProject/Content/Asset/Buildings/low-detail-building-wide-b.ubulk" 1082
"C:/UnrealProjects/VRTeamProject/Content/Asset/Buildings/low-detail-building-wide-b.uasset" 1083
"C:/UnrealProjects/VRTeamProject/Content/Asset/Buildings/low-detail-building-wide-b.uexp" 1084
"C:/UnrealProjects/VRTeamProject/Content/Asset/Cars/suv.ubulk" 1085
"C:/UnrealProjects/VRTeamProject/Content/Asset/Cars/suv.uasset" 1086
"C:/UnrealProjects/VRTeamProject/Content/Asset/Cars/suv.uexp" 1087
"C:/UnrealProjects/VRTeamProject/Content/Map/M_Basic.uexp" 1088
"C:/UnrealProjects/VRTeamProject/Content/Map/M_Basic.umap" 1089
"../../../Engine/Content/Maps/Entry_BuiltData.uasset" 1090
"../../../Engine/Content/Maps/Entry_BuiltData.uexp" 1091
"../../../Engine/Content/Maps/Entry.uexp" 1092
"../../../Engine/Content/Maps/Entry.umap" 1093
